#
# There is insufficient memory for the Java Runtime Environment to continue.
# Native memory allocation (mmap) failed to map 517996544 bytes for Failed to commit area from 0x0000000090000000 to 0x00000000aee00000 of length 517996544.
# Possible reasons:
#   The system is out of physical RAM or swap space
#   The process is running with CompressedOops enabled, and the Java Heap may be blocking the growth of the native heap
# Possible solutions:
#   Reduce memory load on the system
#   Increase physical memory or swap space
#   Check if swap backing store is full
#   Decrease Java heap size (-Xmx/-Xms)
#   Decrease number of Java threads
#   Decrease Java thread stack sizes (-Xss)
#   Set larger code cache with -XX:ReservedCodeCacheSize=
#   JVM is running with Unscaled Compressed Oops mode in which the Java heap is
#     placed in the first 4GB address space. The Java Heap base address is the
#     maximum limit for the native heap growth. Please use -XX:HeapBaseMinAddress
#     to set the Java Heap base and to place the Java Heap above 4GB virtual address.
# This output file may be truncated or incomplete.
#
#  Out of Memory Error (./src/hotspot/os/windows/os_windows.cpp:3301), pid=69536, tid=71792
#
# JRE version: OpenJDK Runtime Environment (11.0.10) (build 11.0.10+0-b96-7249189)
# Java VM: OpenJDK 64-Bit Server VM (11.0.10+0-b96-7249189, mixed mode, tiered, compressed oops, g1 gc, windows-amd64)
# No core dump will be written. Minidumps are not enabled by default on client versions of Windows
#

---------------  S U M M A R Y ------------

Command Line: --add-opens=java.base/java.util=ALL-UNNAMED --add-opens=java.base/java.lang=ALL-UNNAMED --add-opens=java.base/java.lang.invoke=ALL-UNNAMED --add-opens=java.base/java.util=ALL-UNNAMED --add-opens=java.prefs/java.util.prefs=ALL-UNNAMED --add-opens=java.prefs/java.util.prefs=ALL-UNNAMED --add-opens=java.base/java.nio.charset=ALL-UNNAMED --add-opens=java.base/java.net=ALL-UNNAMED --add-opens=java.base/java.util.concurrent.atomic=ALL-UNNAMED -Xmx2048m -Dfile.encoding=UTF-8 -Duser.country=CN -Duser.language=zh -Duser.variant org.gradle.launcher.daemon.bootstrap.GradleDaemon 7.0.2

Host: Intel(R) Core(TM) i5-10300H CPU @ 2.50GHz, 8 cores, 15G,  Windows 10 , 64 bit Build 19041 (10.0.19041.1706)
Time: Tue Sep 27 14:57:42 2022 中国标准时间 elapsed time: 5699.535237 seconds (0d 1h 34m 59s)

---------------  T H R E A D  ---------------

Current thread (0x000001a9ac4c0800):  VMThread "VM Thread" [stack: 0x0000003e87400000,0x0000003e87500000] [id=71792]

Stack: [0x0000003e87400000,0x0000003e87500000]
[error occurred during error reporting (printing stack bounds), id 0xc0000005, EXCEPTION_ACCESS_VIOLATION (0xc0000005) at pc=0x000001a994b00f2d]

Native frames: (J=compiled Java code, j=interpreted, Vv=VM code, C=native code)
V  [jvm.dll+0x5ecfaa]
V  [jvm.dll+0x722bd5]
V  [jvm.dll+0x72412d]
V  [jvm.dll+0x724745]
V  [jvm.dll+0x7246fb]
V  [jvm.dll+0x5ec348]
V  [jvm.dll+0x5ecad8]
C  [ntdll.dll+0xa209f]
C  [ntdll.dll+0x51454]
C  [ntdll.dll+0xa0bce]
C  0x000001a994b00f2d

VM_Operation (0x0000003e8a2f9390): G1CollectForAllocation, mode: safepoint, requested by thread 0x000001a9b8dd2000


---------------  P R O C E S S  ---------------

Threads class SMR info:
_java_thread_list=0x000001a9b8ed7b80, length=67, elements={
0x000001a98f83d800, 0x000001a9ac4c2800, 0x000001a9ac4cb800, 0x000001a9ac53d000,
0x000001a9ac53e000, 0x000001a9ac53f000, 0x000001a9ac54c000, 0x000001a9ac556800,
0x000001a9ac55e800, 0x000001a9ac6c5800, 0x000001a9add21800, 0x000001a9ae553000,
0x000001a9ae554000, 0x000001a9ae945000, 0x000001a9ae944000, 0x000001a9ae945800,
0x000001a9ae949800, 0x000001a9ae94a800, 0x000001a9ae947800, 0x000001a9b03ca800,
0x000001a9b03cb800, 0x000001a9b03c8000, 0x000001a9b03cc000, 0x000001a9b03c6800,
0x000001a9b03cd000, 0x000001a9b03c9000, 0x000001a9b03c9800, 0x000001a9b03ce800,
0x000001a9b1713800, 0x000001a9b8dc9000, 0x000001a9b03cf800, 0x000001a9b8dc7000,
0x000001a9b8dc8000, 0x000001a9b8dc3000, 0x000001a9b8dc9800, 0x000001a9b8dc4000,
0x000001a9b8dca800, 0x000001a9b8dc4800, 0x000001a9b8dcb800, 0x000001a9b8dc5800,
0x000001a9b8dcd800, 0x000001a9b8dcf800, 0x000001a9b8dcd000, 0x000001a9b8dd0000,
0x000001a9b8dd1000, 0x000001a9b8dd2000, 0x000001a9b8dcc000, 0x000001a9b1f50000,
0x000001a9b1f4a800, 0x000001a9b1f4d000, 0x000001a9b1f51000, 0x000001a9b1f4b000,
0x000001a9b1f51800, 0x000001a9b1f4c000, 0x000001a9b1f52800, 0x000001a9b1f53800,
0x000001a9b1f4d800, 0x000001a9b1f4e800, 0x000001a9b1f54000, 0x000001a9b1f55000,
0x000001a9b1f4f800, 0x000001a9b1f56000, 0x000001a9b1f56800, 0x000001a9b1f58800,
0x000001a9b1f57800, 0x000001a9b1714800, 0x000001a9b1710800
}

Java Threads: ( => current thread )
  0x000001a98f83d800 JavaThread "main" [_thread_blocked, id=60072, stack(0x0000003e86e00000,0x0000003e86f00000)]
  0x000001a9ac4c2800 JavaThread "Reference Handler" daemon [_thread_blocked, id=69612, stack(0x0000003e87500000,0x0000003e87600000)]
  0x000001a9ac4cb800 JavaThread "Finalizer" daemon [_thread_blocked, id=47300, stack(0x0000003e87600000,0x0000003e87700000)]
  0x000001a9ac53d000 JavaThread "Signal Dispatcher" daemon [_thread_blocked, id=53168, stack(0x0000003e87700000,0x0000003e87800000)]
  0x000001a9ac53e000 JavaThread "Attach Listener" daemon [_thread_blocked, id=66064, stack(0x0000003e87800000,0x0000003e87900000)]
  0x000001a9ac53f000 JavaThread "Service Thread" daemon [_thread_blocked, id=68116, stack(0x0000003e87900000,0x0000003e87a00000)]
  0x000001a9ac54c000 JavaThread "C2 CompilerThread0" daemon [_thread_in_native, id=71308, stack(0x0000003e87a00000,0x0000003e87b00000)]
  0x000001a9ac556800 JavaThread "C1 CompilerThread0" daemon [_thread_blocked, id=4380, stack(0x0000003e87b00000,0x0000003e87c00000)]
  0x000001a9ac55e800 JavaThread "Sweeper thread" daemon [_thread_blocked, id=15152, stack(0x0000003e87c00000,0x0000003e87d00000)]
  0x000001a9ac6c5800 JavaThread "Common-Cleaner" daemon [_thread_blocked, id=67452, stack(0x0000003e87d00000,0x0000003e87e00000)]
  0x000001a9add21800 JavaThread "Daemon health stats" [_thread_blocked, id=68784, stack(0x0000003e88500000,0x0000003e88600000)]
  0x000001a9ae553000 JavaThread "Incoming local TCP Connector on port 57530" [_thread_in_native, id=68400, stack(0x0000003e87f00000,0x0000003e88000000)]
  0x000001a9ae554000 JavaThread "Daemon periodic checks" [_thread_blocked, id=63308, stack(0x0000003e88600000,0x0000003e88700000)]
  0x000001a9ae945000 JavaThread "Cache worker for file hash cache (C:\Users\hn109\.gradle\caches\7.0.2\fileHashes)" [_thread_blocked, id=60148, stack(0x0000003e88e00000,0x0000003e88f00000)]
  0x000001a9ae944000 JavaThread "File lock request listener" [_thread_in_native, id=70060, stack(0x0000003e88f00000,0x0000003e89000000)]
  0x000001a9ae945800 JavaThread "Cache worker for journal cache (C:\Users\hn109\.gradle\caches\journal-1)" [_thread_blocked, id=68916, stack(0x0000003e89300000,0x0000003e89400000)]
  0x000001a9ae949800 JavaThread "File watcher server" daemon [_thread_blocked, id=69772, stack(0x0000003e89600000,0x0000003e89700000)]
  0x000001a9ae94a800 JavaThread "File watcher consumer" daemon [_thread_blocked, id=56832, stack(0x0000003e89700000,0x0000003e89800000)]
  0x000001a9ae947800 JavaThread "jar transforms" [_thread_blocked, id=70352, stack(0x0000003e89800000,0x0000003e89900000)]
  0x000001a9b03ca800 JavaThread "jar transforms Thread 2" [_thread_blocked, id=62740, stack(0x0000003e89900000,0x0000003e89a00000)]
  0x000001a9b03cb800 JavaThread "jar transforms Thread 3" [_thread_blocked, id=53580, stack(0x0000003e89a00000,0x0000003e89b00000)]
  0x000001a9b03c8000 JavaThread "jar transforms Thread 4" [_thread_blocked, id=58016, stack(0x0000003e89b00000,0x0000003e89c00000)]
  0x000001a9b03cc000 JavaThread "jar transforms Thread 5" [_thread_blocked, id=71268, stack(0x0000003e89c00000,0x0000003e89d00000)]
  0x000001a9b03c6800 JavaThread "jar transforms Thread 6" [_thread_blocked, id=71540, stack(0x0000003e89d00000,0x0000003e89e00000)]
  0x000001a9b03cd000 JavaThread "jar transforms Thread 7" [_thread_blocked, id=60724, stack(0x0000003e89e00000,0x0000003e89f00000)]
  0x000001a9b03c9000 JavaThread "jar transforms Thread 8" [_thread_blocked, id=61304, stack(0x0000003e8a000000,0x0000003e8a100000)]
  0x000001a9b03c9800 JavaThread "Cache worker for execution history cache (C:\Users\hn109\.gradle\caches\7.0.2\executionHistory)" [_thread_blocked, id=64028, stack(0x0000003e8a400000,0x0000003e8a500000)]
  0x000001a9b03ce800 JavaThread "Cache worker for file content cache (C:\Users\hn109\.gradle\caches\7.0.2\fileContent)" [_thread_blocked, id=59264, stack(0x0000003e8a500000,0x0000003e8a600000)]
  0x000001a9b1713800 JavaThread "Memory manager" [_thread_blocked, id=68552, stack(0x0000003e8b000000,0x0000003e8b100000)]
  0x000001a9b8dc9000 JavaThread "Cache worker for Java compile cache (C:\Users\hn109\.gradle\caches\7.0.2\javaCompile)" [_thread_blocked, id=72328, stack(0x0000003e8c400000,0x0000003e8c500000)]
  0x000001a9b03cf800 JavaThread "ForkJoinPool.commonPool-worker-5" daemon [_thread_blocked, id=52824, stack(0x0000003e8c800000,0x0000003e8c900000)]
  0x000001a9b8dc7000 JavaThread "Daemon Thread 9" [_thread_blocked, id=75652, stack(0x0000003e86b00000,0x0000003e86c00000)]
  0x000001a9b8dc8000 JavaThread "Handler for socket connection from /127.0.0.1:57530 to /127.0.0.1:63736" [_thread_in_native, id=76208, stack(0x0000003e86c00000,0x0000003e86d00000)]
  0x000001a9b8dc3000 JavaThread "Cancel handler" [_thread_blocked, id=30140, stack(0x0000003e86d00000,0x0000003e86e00000)]
  0x000001a9b8dc9800 JavaThread "Daemon worker Thread 9" [_thread_blocked, id=76024, stack(0x0000003e88700000,0x0000003e88800000)]
  0x000001a9b8dc4000 JavaThread "Asynchronous log dispatcher for DefaultDaemonConnection: socket connection from /127.0.0.1:57530 to /127.0.0.1:63736" [_thread_blocked, id=68920, stack(0x0000003e88800000,0x0000003e88900000)]
  0x000001a9b8dca800 JavaThread "Stdin handler" [_thread_blocked, id=76016, stack(0x0000003e88900000,0x0000003e88a00000)]
  0x000001a9b8dc4800 JavaThread "Daemon client event forwarder" [_thread_blocked, id=29064, stack(0x0000003e88a00000,0x0000003e88b00000)]
  0x000001a9b8dcb800 JavaThread "Cache worker for file hash cache (D:\YS\.gradle\7.0.2\fileHashes)" [_thread_blocked, id=44764, stack(0x0000003e88b00000,0x0000003e88c00000)]
  0x000001a9b8dc5800 JavaThread "Cache worker for checksums cache (D:\YS\.gradle\checksums)" [_thread_blocked, id=76248, stack(0x0000003e88c00000,0x0000003e88d00000)]
  0x000001a9b8dcd800 JavaThread "Cache worker for cache directory md-supplier (C:\Users\hn109\.gradle\caches\7.0.2\md-supplier)" [_thread_blocked, id=76264, stack(0x0000003e88d00000,0x0000003e88e00000)]
  0x000001a9b8dcf800 JavaThread "Cache worker for cache directory md-rule (C:\Users\hn109\.gradle\caches\7.0.2\md-rule)" [_thread_blocked, id=76268, stack(0x0000003e89400000,0x0000003e89500000)]
  0x000001a9b8dcd000 JavaThread "Cache worker for dependencies-accessors (D:\YS\.gradle\7.0.2\dependencies-accessors)" [_thread_blocked, id=75888, stack(0x0000003e89500000,0x0000003e89600000)]
  0x000001a9b8dd0000 JavaThread "Cache worker for Build Output Cleanup Cache (D:\YS\.gradle\buildOutputCleanup)" [_thread_blocked, id=76316, stack(0x0000003e89f00000,0x0000003e8a000000)]
  0x000001a9b8dd1000 JavaThread "C2 CompilerThread1" daemon [_thread_in_native, id=57672, stack(0x0000003e8a100000,0x0000003e8a200000)]
  0x000001a9b8dd2000 JavaThread "Build operations" [_thread_blocked, id=67784, stack(0x0000003e8a200000,0x0000003e8a300000)]
  0x000001a9b8dcc000 JavaThread "Build operations Thread 2" [_thread_blocked, id=68472, stack(0x0000003e8a300000,0x0000003e8a400000)]
  0x000001a9b1f50000 JavaThread "Build operations Thread 3" [_thread_blocked, id=68408, stack(0x0000003e8a600000,0x0000003e8a700000)]
  0x000001a9b1f4a800 JavaThread "Build operations Thread 4" [_thread_blocked, id=71468, stack(0x0000003e8a700000,0x0000003e8a800000)]
  0x000001a9b1f4d000 JavaThread "Build operations Thread 5" [_thread_blocked, id=76428, stack(0x0000003e8a800000,0x0000003e8a900000)]
  0x000001a9b1f51000 JavaThread "Build operations Thread 6" [_thread_blocked, id=70776, stack(0x0000003e8a900000,0x0000003e8aa00000)]
  0x000001a9b1f4b000 JavaThread "Build operations Thread 7" [_thread_blocked, id=73384, stack(0x0000003e8aa00000,0x0000003e8ab00000)]
  0x000001a9b1f51800 JavaThread "Build operations Thread 8" [_thread_blocked, id=73616, stack(0x0000003e8ab00000,0x0000003e8ac00000)]
  0x000001a9b1f4c000 JavaThread "build event listener" [_thread_blocked, id=76500, stack(0x0000003e8ac00000,0x0000003e8ad00000)]
  0x000001a9b1f52800 JavaThread "Execution worker for ':'" [_thread_blocked, id=76548, stack(0x0000003e8ad00000,0x0000003e8ae00000)]
  0x000001a9b1f53800 JavaThread "Execution worker for ':' Thread 2" [_thread_blocked, id=76376, stack(0x0000003e8ae00000,0x0000003e8af00000)]
  0x000001a9b1f4d800 JavaThread "Execution worker for ':' Thread 3" [_thread_blocked, id=76564, stack(0x0000003e8af00000,0x0000003e8b000000)]
  0x000001a9b1f4e800 JavaThread "Execution worker for ':' Thread 4" [_thread_blocked, id=76464, stack(0x0000003e8b100000,0x0000003e8b200000)]
  0x000001a9b1f54000 JavaThread "Execution worker for ':' Thread 5" [_thread_blocked, id=76448, stack(0x0000003e8b200000,0x0000003e8b300000)]
  0x000001a9b1f55000 JavaThread "Execution worker for ':' Thread 6" [_thread_blocked, id=76436, stack(0x0000003e8b300000,0x0000003e8b400000)]
  0x000001a9b1f4f800 JavaThread "Execution worker for ':' Thread 7" [_thread_blocked, id=76416, stack(0x0000003e8b400000,0x0000003e8b500000)]
  0x000001a9b1f56000 JavaThread "Cache worker for execution history cache (D:\YS\.gradle\7.0.2\executionHistory)" [_thread_blocked, id=76508, stack(0x0000003e8b500000,0x0000003e8b600000)]
  0x000001a9b1f56800 JavaThread "WorkerExecutor Queue" [_thread_blocked, id=76232, stack(0x0000003e8b600000,0x0000003e8b700000)]
  0x000001a9b1f58800 JavaThread "WorkerExecutor Queue Thread 2" [_thread_blocked, id=76560, stack(0x0000003e8b700000,0x0000003e8b800000)]
  0x000001a9b1f57800 JavaThread "pool-30-thread-1" [_thread_blocked, id=76648, stack(0x0000003e8b800000,0x0000003e8b900000)]
  0x000001a9b1714800 JavaThread "stderr" [_thread_in_native, id=75084, stack(0x0000003e8b900000,0x0000003e8ba00000)]
  0x000001a9b1710800 JavaThread "stdout" [_thread_in_native, id=75048, stack(0x0000003e8ba00000,0x0000003e8bb00000)]

Other Threads:
=>0x000001a9ac4c0800 VMThread "VM Thread" [stack: 0x0000003e87400000,0x0000003e87500000] [id=71792]
  0x000001a9ac6e3000 WatcherThread [stack: 0x0000003e87e00000,0x0000003e87f00000] [id=67764]
  0x000001a98f857800 GCTaskThread "GC Thread#0" [stack: 0x0000003e86f00000,0x0000003e87000000] [id=64408]
  0x000001a9acb5f000 GCTaskThread "GC Thread#1" [stack: 0x0000003e88000000,0x0000003e88100000] [id=65936]
  0x000001a9acb5f800 GCTaskThread "GC Thread#2" [stack: 0x0000003e88100000,0x0000003e88200000] [id=70908]
  0x000001a9ad16f000 GCTaskThread "GC Thread#3" [stack: 0x0000003e88200000,0x0000003e88300000] [id=72132]
  0x000001a9ad16f800 GCTaskThread "GC Thread#4" [stack: 0x0000003e88300000,0x0000003e88400000] [id=72084]
  0x000001a9acd10800 GCTaskThread "GC Thread#5" [stack: 0x0000003e88400000,0x0000003e88500000] [id=65296]
  0x000001a9aeeca800 GCTaskThread "GC Thread#6" [stack: 0x0000003e89000000,0x0000003e89100000] [id=72112]
  0x000001a9aec02000 GCTaskThread "GC Thread#7" [stack: 0x0000003e89100000,0x0000003e89200000] [id=71372]
  0x000001a98f88c800 ConcurrentGCThread "G1 Main Marker" [stack: 0x0000003e87000000,0x0000003e87100000] [id=58500]
  0x000001a98f88f000 ConcurrentGCThread "G1 Conc#0" [stack: 0x0000003e87100000,0x0000003e87200000] [id=71096]
  0x000001a9ae801800 ConcurrentGCThread "G1 Conc#1" [stack: 0x0000003e89200000,0x0000003e89300000] [id=67404]
  0x000001a98f91e000 ConcurrentGCThread "G1 Refine#0" [stack: 0x0000003e87200000,0x0000003e87300000] [id=69368]
  0x000001a9abb10800 ConcurrentGCThread "G1 Young RemSet Sampling" [stack: 0x0000003e87300000,0x0000003e87400000] [id=64924]

Threads with active compile tasks:
C2 CompilerThread05699566 25119       4       com.android.tools.r8.internal.Me::a (1137 bytes)
C1 CompilerThread05699566 25344       3       com.android.tools.r8.internal.zz::b (1748 bytes)
C2 CompilerThread15699566 25090 %     4       com.android.tools.r8.internal.U6::a @ 1682 (6044 bytes)

VM state:at safepoint (normal execution)

VM Mutex/Monitor currently owned by a thread:  ([mutex/lock_event])
[0x000001a98f83b6c0] Threads_lock - owner thread: 0x000001a9ac4c0800
[0x000001a98f83ba20] Heap_lock - owner thread: 0x000001a9b8dd2000

Heap address: 0x0000000080000000, size: 2048 MB, Compressed Oops mode: 32-bit
Narrow klass base: 0x0000000000000000, Narrow klass shift: 3
Compressed class space size: 1073741824 Address: 0x0000000100000000

Heap:
 garbage-first heap   total 768000K, used 146881K [0x0000000080000000, 0x0000000100000000)
  region size 1024K, 3 young (3072K), 3 survivors (3072K)
 Metaspace       used 128956K, capacity 132645K, committed 133212K, reserved 1165312K
  class space    used 16049K, capacity 17447K, committed 17868K, reserved 1048576K
Heap Regions: E=young(eden), S=young(survivor), O=old, HS=humongous(starts), HC=humongous(continues), CS=collection set, F=free, A=archive, TAMS=top-at-mark-start (previous, next)
|   0|0x0000000080000000, 0x0000000080100000, 0x0000000080100000|100%| O|  |TAMS 0x0000000080100000, 0x0000000080000000| Updating 
|   1|0x0000000080100000, 0x0000000080200000, 0x0000000080200000|100%| O|  |TAMS 0x0000000080200000, 0x0000000080100000| Updating 
|   2|0x0000000080200000, 0x0000000080300000, 0x0000000080300000|100%| O|  |TAMS 0x0000000080300000, 0x0000000080200000| Updating 
|   3|0x0000000080300000, 0x0000000080400000, 0x0000000080400000|100%|HS|  |TAMS 0x0000000080400000, 0x0000000080300000| Complete 
|   4|0x0000000080400000, 0x0000000080500000, 0x0000000080500000|100%|HC|  |TAMS 0x0000000080500000, 0x0000000080400000| Complete 
|   5|0x0000000080500000, 0x0000000080600000, 0x0000000080600000|100%|HC|  |TAMS 0x0000000080600000, 0x0000000080500000| Complete 
|   6|0x0000000080600000, 0x0000000080700000, 0x0000000080700000|100%| O|  |TAMS 0x0000000080700000, 0x0000000080600000| Updating 
|   7|0x0000000080700000, 0x0000000080800000, 0x0000000080800000|100%| O|  |TAMS 0x0000000080800000, 0x0000000080700000| Updating 
|   8|0x0000000080800000, 0x0000000080900000, 0x0000000080900000|100%| O|  |TAMS 0x0000000080900000, 0x0000000080800000| Updating 
|   9|0x0000000080900000, 0x0000000080a00000, 0x0000000080a00000|100%| O|  |TAMS 0x0000000080a00000, 0x0000000080900000| Updating 
|  10|0x0000000080a00000, 0x0000000080b00000, 0x0000000080b00000|100%| O|  |TAMS 0x0000000080b00000, 0x0000000080a00000| Updating 
|  11|0x0000000080b00000, 0x0000000080c00000, 0x0000000080c00000|100%| O|  |TAMS 0x0000000080c00000, 0x0000000080b00000| Updating 
|  12|0x0000000080c00000, 0x0000000080d00000, 0x0000000080d00000|100%| O|  |TAMS 0x0000000080d00000, 0x0000000080c00000| Updating 
|  13|0x0000000080d00000, 0x0000000080e00000, 0x0000000080e00000|100%| O|  |TAMS 0x0000000080e00000, 0x0000000080d00000| Updating 
|  14|0x0000000080e00000, 0x0000000080f00000, 0x0000000080f00000|100%| O|  |TAMS 0x0000000080f00000, 0x0000000080e00000| Updating 
|  15|0x0000000080f00000, 0x0000000081000000, 0x0000000081000000|100%| O|  |TAMS 0x0000000081000000, 0x0000000080f00000| Updating 
|  16|0x0000000081000000, 0x0000000081100000, 0x0000000081100000|100%|HS|  |TAMS 0x0000000081100000, 0x0000000081000000| Complete 
|  17|0x0000000081100000, 0x0000000081200000, 0x0000000081200000|100%|HC|  |TAMS 0x0000000081200000, 0x0000000081100000| Complete 
|  18|0x0000000081200000, 0x0000000081300000, 0x0000000081300000|100%|HS|  |TAMS 0x0000000081300000, 0x0000000081200000| Complete 
|  19|0x0000000081300000, 0x0000000081400000, 0x0000000081400000|100%|HC|  |TAMS 0x0000000081400000, 0x0000000081300000| Complete 
|  20|0x0000000081400000, 0x0000000081500000, 0x0000000081500000|100%|HC|  |TAMS 0x0000000081500000, 0x0000000081400000| Complete 
|  21|0x0000000081500000, 0x0000000081600000, 0x0000000081600000|100%|HS|  |TAMS 0x0000000081600000, 0x0000000081500000| Complete 
|  22|0x0000000081600000, 0x0000000081700000, 0x0000000081700000|100%|HC|  |TAMS 0x0000000081700000, 0x0000000081600000| Complete 
|  23|0x0000000081700000, 0x0000000081800000, 0x0000000081800000|100%|HC|  |TAMS 0x0000000081800000, 0x0000000081700000| Complete 
|  24|0x0000000081800000, 0x0000000081900000, 0x0000000081900000|100%|HC|  |TAMS 0x0000000081900000, 0x0000000081800000| Complete 
|  25|0x0000000081900000, 0x0000000081a00000, 0x0000000081a00000|100%|HC|  |TAMS 0x0000000081a00000, 0x0000000081900000| Complete 
|  26|0x0000000081a00000, 0x0000000081b00000, 0x0000000081b00000|100%|HS|  |TAMS 0x0000000081b00000, 0x0000000081a00000| Complete 
|  27|0x0000000081b00000, 0x0000000081c00000, 0x0000000081c00000|100%|HS|  |TAMS 0x0000000081c00000, 0x0000000081b00000| Complete 
|  28|0x0000000081c00000, 0x0000000081d00000, 0x0000000081d00000|100%| O|  |TAMS 0x0000000081d00000, 0x0000000081c00000| Updating 
|  29|0x0000000081d00000, 0x0000000081e00000, 0x0000000081e00000|100%| O|  |TAMS 0x0000000081e00000, 0x0000000081d00000| Updating 
|  30|0x0000000081e00000, 0x0000000081f00000, 0x0000000081f00000|100%| O|  |TAMS 0x0000000081f00000, 0x0000000081e00000| Updating 
|  31|0x0000000081f00000, 0x0000000082000000, 0x0000000082000000|100%| O|  |TAMS 0x0000000082000000, 0x0000000081f00000| Updating 
|  32|0x0000000082000000, 0x0000000082100000, 0x0000000082100000|100%| O|  |TAMS 0x0000000082100000, 0x0000000082000000| Updating 
|  33|0x0000000082100000, 0x0000000082200000, 0x0000000082200000|100%| O|  |TAMS 0x0000000082200000, 0x0000000082100000| Updating 
|  34|0x0000000082200000, 0x0000000082300000, 0x0000000082300000|100%| O|  |TAMS 0x0000000082300000, 0x0000000082200000| Updating 
|  35|0x0000000082300000, 0x0000000082400000, 0x0000000082400000|100%| O|  |TAMS 0x0000000082400000, 0x0000000082300000| Updating 
|  36|0x0000000082400000, 0x0000000082500000, 0x0000000082500000|100%| O|  |TAMS 0x0000000082500000, 0x0000000082400000| Updating 
|  37|0x0000000082500000, 0x0000000082600000, 0x0000000082600000|100%| O|  |TAMS 0x0000000082600000, 0x0000000082500000| Updating 
|  38|0x0000000082600000, 0x0000000082700000, 0x0000000082700000|100%| O|  |TAMS 0x0000000082700000, 0x0000000082600000| Updating 
|  39|0x0000000082700000, 0x0000000082800000, 0x0000000082800000|100%|HS|  |TAMS 0x0000000082800000, 0x0000000082700000| Complete 
|  40|0x0000000082800000, 0x0000000082900000, 0x0000000082900000|100%|HC|  |TAMS 0x0000000082900000, 0x0000000082800000| Complete 
|  41|0x0000000082900000, 0x0000000082a00000, 0x0000000082a00000|100%| O|  |TAMS 0x0000000082a00000, 0x0000000082900000| Updating 
|  42|0x0000000082a00000, 0x0000000082b00000, 0x0000000082b00000|100%| O|  |TAMS 0x0000000082b00000, 0x0000000082a00000| Updating 
|  43|0x0000000082b00000, 0x0000000082c00000, 0x0000000082c00000|100%| O|  |TAMS 0x0000000082c00000, 0x0000000082b00000| Updating 
|  44|0x0000000082c00000, 0x0000000082d00000, 0x0000000082d00000|100%| O|  |TAMS 0x0000000082d00000, 0x0000000082c00000| Updating 
|  45|0x0000000082d00000, 0x0000000082e00000, 0x0000000082e00000|100%| O|  |TAMS 0x0000000082e00000, 0x0000000082d00000| Updating 
|  46|0x0000000082e00000, 0x0000000082f00000, 0x0000000082f00000|100%| O|  |TAMS 0x0000000082f00000, 0x0000000082e00000| Updating 
|  47|0x0000000082f00000, 0x0000000083000000, 0x0000000083000000|100%| O|  |TAMS 0x0000000083000000, 0x0000000082f00000| Updating 
|  48|0x0000000083000000, 0x0000000083100000, 0x0000000083100000|100%| O|  |TAMS 0x0000000083100000, 0x0000000083000000| Updating 
|  49|0x0000000083100000, 0x0000000083200000, 0x0000000083200000|100%| O|  |TAMS 0x0000000083200000, 0x0000000083100000| Updating 
|  50|0x0000000083200000, 0x0000000083300000, 0x0000000083300000|100%| O|  |TAMS 0x0000000083300000, 0x0000000083200000| Updating 
|  51|0x0000000083300000, 0x0000000083300000, 0x0000000083400000|  0%| F|  |TAMS 0x0000000083300000, 0x0000000083300000| Untracked 
|  52|0x0000000083400000, 0x0000000083500000, 0x0000000083500000|100%| O|  |TAMS 0x0000000083500000, 0x0000000083400000| Updating 
|  53|0x0000000083500000, 0x0000000083500000, 0x0000000083600000|  0%| F|  |TAMS 0x0000000083500000, 0x0000000083500000| Untracked 
|  54|0x0000000083600000, 0x0000000083700000, 0x0000000083700000|100%| O|  |TAMS 0x0000000083700000, 0x0000000083600000| Updating 
|  55|0x0000000083700000, 0x0000000083700000, 0x0000000083800000|  0%| F|  |TAMS 0x0000000083700000, 0x0000000083700000| Untracked 
|  56|0x0000000083800000, 0x0000000083900000, 0x0000000083900000|100%| O|  |TAMS 0x0000000083900000, 0x0000000083800000| Updating 
|  57|0x0000000083900000, 0x0000000083a00000, 0x0000000083a00000|100%| O|  |TAMS 0x0000000083a00000, 0x0000000083900000| Updating 
|  58|0x0000000083a00000, 0x0000000083b00000, 0x0000000083b00000|100%| O|  |TAMS 0x0000000083b00000, 0x0000000083a00000| Updating 
|  59|0x0000000083b00000, 0x0000000083c00000, 0x0000000083c00000|100%| O|  |TAMS 0x0000000083c00000, 0x0000000083b00000| Updating 
|  60|0x0000000083c00000, 0x0000000083d00000, 0x0000000083d00000|100%| O|  |TAMS 0x0000000083d00000, 0x0000000083c00000| Updating 
|  61|0x0000000083d00000, 0x0000000083e00000, 0x0000000083e00000|100%| O|  |TAMS 0x0000000083e00000, 0x0000000083d00000| Updating 
|  62|0x0000000083e00000, 0x0000000083f00000, 0x0000000083f00000|100%| O|  |TAMS 0x0000000083f00000, 0x0000000083e00000| Updating 
|  63|0x0000000083f00000, 0x0000000084000000, 0x0000000084000000|100%| O|  |TAMS 0x0000000084000000, 0x0000000083f00000| Updating 
|  64|0x0000000084000000, 0x0000000084100000, 0x0000000084100000|100%| O|  |TAMS 0x0000000084100000, 0x0000000084000000| Updating 
|  65|0x0000000084100000, 0x0000000084200000, 0x0000000084200000|100%| O|  |TAMS 0x0000000084200000, 0x0000000084100000| Updating 
|  66|0x0000000084200000, 0x0000000084300000, 0x0000000084300000|100%| O|  |TAMS 0x0000000084300000, 0x0000000084200000| Updating 
|  67|0x0000000084300000, 0x0000000084400000, 0x0000000084400000|100%| O|  |TAMS 0x0000000084400000, 0x0000000084300000| Updating 
|  68|0x0000000084400000, 0x0000000084500000, 0x0000000084500000|100%| O|  |TAMS 0x0000000084500000, 0x0000000084400000| Updating 
|  69|0x0000000084500000, 0x0000000084600000, 0x0000000084600000|100%| O|  |TAMS 0x0000000084600000, 0x0000000084500000| Updating 
|  70|0x0000000084600000, 0x0000000084700000, 0x0000000084700000|100%| O|  |TAMS 0x0000000084700000, 0x0000000084600000| Updating 
|  71|0x0000000084700000, 0x0000000084800000, 0x0000000084800000|100%| O|  |TAMS 0x0000000084800000, 0x0000000084700000| Updating 
|  72|0x0000000084800000, 0x0000000084800000, 0x0000000084900000|  0%| F|  |TAMS 0x0000000084800000, 0x0000000084800000| Untracked 
|  73|0x0000000084900000, 0x0000000084a00000, 0x0000000084a00000|100%| O|  |TAMS 0x0000000084a00000, 0x0000000084900000| Updating 
|  74|0x0000000084a00000, 0x0000000084b00000, 0x0000000084b00000|100%| O|  |TAMS 0x0000000084b00000, 0x0000000084a00000| Updating 
|  75|0x0000000084b00000, 0x0000000084c00000, 0x0000000084c00000|100%| O|  |TAMS 0x0000000084c00000, 0x0000000084b00000| Updating 
|  76|0x0000000084c00000, 0x0000000084d00000, 0x0000000084d00000|100%| O|  |TAMS 0x0000000084d00000, 0x0000000084c00000| Updating 
|  77|0x0000000084d00000, 0x0000000084e00000, 0x0000000084e00000|100%| O|  |TAMS 0x0000000084e00000, 0x0000000084d00000| Updating 
|  78|0x0000000084e00000, 0x0000000084f00000, 0x0000000084f00000|100%| O|  |TAMS 0x0000000084f00000, 0x0000000084e00000| Updating 
|  79|0x0000000084f00000, 0x0000000085000000, 0x0000000085000000|100%| O|  |TAMS 0x0000000085000000, 0x0000000084f00000| Updating 
|  80|0x0000000085000000, 0x0000000085100000, 0x0000000085100000|100%| O|  |TAMS 0x0000000085100000, 0x0000000085000000| Updating 
|  81|0x0000000085100000, 0x0000000085200000, 0x0000000085200000|100%| O|  |TAMS 0x0000000085200000, 0x0000000085100000| Updating 
|  82|0x0000000085200000, 0x0000000085300000, 0x0000000085300000|100%| O|  |TAMS 0x0000000085300000, 0x0000000085200000| Updating 
|  83|0x0000000085300000, 0x0000000085400000, 0x0000000085400000|100%| O|  |TAMS 0x0000000085400000, 0x0000000085300000| Updating 
|  84|0x0000000085400000, 0x0000000085500000, 0x0000000085500000|100%| O|  |TAMS 0x0000000085500000, 0x0000000085400000| Updating 
|  85|0x0000000085500000, 0x0000000085600000, 0x0000000085600000|100%| O|  |TAMS 0x0000000085600000, 0x0000000085500000| Updating 
|  86|0x0000000085600000, 0x0000000085700000, 0x0000000085700000|100%| O|  |TAMS 0x0000000085700000, 0x0000000085600000| Updating 
|  87|0x0000000085700000, 0x0000000085800000, 0x0000000085800000|100%| O|  |TAMS 0x0000000085800000, 0x0000000085700000| Updating 
|  88|0x0000000085800000, 0x0000000085900000, 0x0000000085900000|100%| O|  |TAMS 0x0000000085900000, 0x0000000085800000| Updating 
|  89|0x0000000085900000, 0x0000000085a00000, 0x0000000085a00000|100%| O|  |TAMS 0x0000000085a00000, 0x0000000085900000| Updating 
|  90|0x0000000085a00000, 0x0000000085b00000, 0x0000000085b00000|100%| O|  |TAMS 0x0000000085b00000, 0x0000000085a00000| Updating 
|  91|0x0000000085b00000, 0x0000000085c00000, 0x0000000085c00000|100%| O|  |TAMS 0x0000000085c00000, 0x0000000085b00000| Updating 
|  92|0x0000000085c00000, 0x0000000085d00000, 0x0000000085d00000|100%| O|  |TAMS 0x0000000085d00000, 0x0000000085c00000| Updating 
|  93|0x0000000085d00000, 0x0000000085e00000, 0x0000000085e00000|100%| O|  |TAMS 0x0000000085e00000, 0x0000000085d00000| Updating 
|  94|0x0000000085e00000, 0x0000000085f00000, 0x0000000085f00000|100%| O|  |TAMS 0x0000000085f00000, 0x0000000085e00000| Updating 
|  95|0x0000000085f00000, 0x0000000086000000, 0x0000000086000000|100%| O|  |TAMS 0x0000000086000000, 0x0000000085f00000| Updating 
|  96|0x0000000086000000, 0x0000000086100000, 0x0000000086100000|100%| O|  |TAMS 0x0000000086100000, 0x0000000086000000| Updating 
|  97|0x0000000086100000, 0x0000000086200000, 0x0000000086200000|100%| O|  |TAMS 0x0000000086200000, 0x0000000086100000| Updating 
|  98|0x0000000086200000, 0x0000000086300000, 0x0000000086300000|100%| O|  |TAMS 0x0000000086300000, 0x0000000086200000| Updating 
|  99|0x0000000086300000, 0x0000000086400000, 0x0000000086400000|100%| O|  |TAMS 0x0000000086400000, 0x0000000086300000| Updating 
| 100|0x0000000086400000, 0x0000000086400000, 0x0000000086500000|  0%| F|  |TAMS 0x0000000086400000, 0x0000000086400000| Untracked 
| 101|0x0000000086500000, 0x0000000086600000, 0x0000000086600000|100%| O|  |TAMS 0x0000000086600000, 0x0000000086500000| Updating 
| 102|0x0000000086600000, 0x0000000086700000, 0x0000000086700000|100%| O|  |TAMS 0x0000000086700000, 0x0000000086600000| Updating 
| 103|0x0000000086700000, 0x0000000086800000, 0x0000000086800000|100%| O|  |TAMS 0x0000000086800000, 0x0000000086700000| Updating 
| 104|0x0000000086800000, 0x0000000086800000, 0x0000000086900000|  0%| F|  |TAMS 0x0000000086800000, 0x0000000086800000| Untracked 
| 105|0x0000000086900000, 0x0000000086a00000, 0x0000000086a00000|100%| O|  |TAMS 0x0000000086a00000, 0x0000000086900000| Updating 
| 106|0x0000000086a00000, 0x0000000086b00000, 0x0000000086b00000|100%| O|  |TAMS 0x0000000086b00000, 0x0000000086a00000| Updating 
| 107|0x0000000086b00000, 0x0000000086c00000, 0x0000000086c00000|100%| O|  |TAMS 0x0000000086c00000, 0x0000000086b00000| Updating 
| 108|0x0000000086c00000, 0x0000000086d00000, 0x0000000086d00000|100%| O|  |TAMS 0x0000000086d00000, 0x0000000086c00000| Updating 
| 109|0x0000000086d00000, 0x0000000086e00000, 0x0000000086e00000|100%| O|  |TAMS 0x0000000086e00000, 0x0000000086d00000| Updating 
| 110|0x0000000086e00000, 0x0000000086f00000, 0x0000000086f00000|100%| O|  |TAMS 0x0000000086f00000, 0x0000000086e00000| Updating 
| 111|0x0000000086f00000, 0x0000000087000000, 0x0000000087000000|100%| O|  |TAMS 0x0000000087000000, 0x0000000086f00000| Updating 
| 112|0x0000000087000000, 0x0000000087100000, 0x0000000087100000|100%| O|  |TAMS 0x0000000087100000, 0x0000000087000000| Updating 
| 113|0x0000000087100000, 0x0000000087200000, 0x0000000087200000|100%| O|  |TAMS 0x0000000087200000, 0x0000000087100000| Updating 
| 114|0x0000000087200000, 0x0000000087300000, 0x0000000087300000|100%| O|  |TAMS 0x0000000087300000, 0x0000000087200000| Updating 
| 115|0x0000000087300000, 0x0000000087400000, 0x0000000087400000|100%| O|  |TAMS 0x0000000087400000, 0x0000000087300000| Updating 
| 116|0x0000000087400000, 0x0000000087500000, 0x0000000087500000|100%| O|  |TAMS 0x0000000087500000, 0x0000000087400000| Updating 
| 117|0x0000000087500000, 0x0000000087600000, 0x0000000087600000|100%| O|  |TAMS 0x0000000087600000, 0x0000000087500000| Updating 
| 118|0x0000000087600000, 0x0000000087700000, 0x0000000087700000|100%| O|  |TAMS 0x0000000087700000, 0x0000000087600000| Updating 
| 119|0x0000000087700000, 0x0000000087800000, 0x0000000087800000|100%| O|  |TAMS 0x0000000087800000, 0x0000000087700000| Updating 
| 120|0x0000000087800000, 0x0000000087900000, 0x0000000087900000|100%| O|  |TAMS 0x0000000087900000, 0x0000000087800000| Updating 
| 121|0x0000000087900000, 0x0000000087a00000, 0x0000000087a00000|100%| O|  |TAMS 0x0000000087a00000, 0x0000000087900000| Updating 
| 122|0x0000000087a00000, 0x0000000087b00000, 0x0000000087b00000|100%| O|  |TAMS 0x0000000087b00000, 0x0000000087a00000| Updating 
| 123|0x0000000087b00000, 0x0000000087c00000, 0x0000000087c00000|100%| O|  |TAMS 0x0000000087c00000, 0x0000000087b00000| Updating 
| 124|0x0000000087c00000, 0x0000000087d00000, 0x0000000087d00000|100%| O|  |TAMS 0x0000000087d00000, 0x0000000087c00000| Updating 
| 125|0x0000000087d00000, 0x0000000087e00000, 0x0000000087e00000|100%| O|  |TAMS 0x0000000087e00000, 0x0000000087d00000| Updating 
| 126|0x0000000087e00000, 0x0000000087f00000, 0x0000000087f00000|100%| O|  |TAMS 0x0000000087f00000, 0x0000000087e00000| Updating 
| 127|0x0000000087f00000, 0x0000000088000000, 0x0000000088000000|100%| O|  |TAMS 0x0000000088000000, 0x0000000087f00000| Updating 
| 128|0x0000000088000000, 0x0000000088100000, 0x0000000088100000|100%| O|  |TAMS 0x0000000088100000, 0x0000000088000000| Updating 
| 129|0x0000000088100000, 0x0000000088200000, 0x0000000088200000|100%| O|  |TAMS 0x0000000088200000, 0x0000000088100000| Updating 
| 130|0x0000000088200000, 0x0000000088300000, 0x0000000088300000|100%| O|  |TAMS 0x0000000088300000, 0x0000000088200000| Updating 
| 131|0x0000000088300000, 0x0000000088400000, 0x0000000088400000|100%| O|  |TAMS 0x0000000088400000, 0x0000000088300000| Updating 
| 132|0x0000000088400000, 0x0000000088500000, 0x0000000088500000|100%| O|  |TAMS 0x0000000088500000, 0x0000000088400000| Updating 
| 133|0x0000000088500000, 0x0000000088600000, 0x0000000088600000|100%| O|  |TAMS 0x0000000088600000, 0x0000000088500000| Updating 
| 134|0x0000000088600000, 0x0000000088700000, 0x0000000088700000|100%| O|  |TAMS 0x0000000088700000, 0x0000000088600000| Updating 
| 135|0x0000000088700000, 0x0000000088800000, 0x0000000088800000|100%| O|  |TAMS 0x0000000088800000, 0x0000000088700000| Updating 
| 136|0x0000000088800000, 0x0000000088900000, 0x0000000088900000|100%| O|  |TAMS 0x0000000088900000, 0x0000000088800000| Updating 
| 137|0x0000000088900000, 0x0000000088a00000, 0x0000000088a00000|100%| O|  |TAMS 0x0000000088a00000, 0x0000000088900000| Updating 
| 138|0x0000000088a00000, 0x0000000088b00000, 0x0000000088b00000|100%| O|  |TAMS 0x0000000088b00000, 0x0000000088a00000| Updating 
| 139|0x0000000088b00000, 0x0000000088c00000, 0x0000000088c00000|100%| O|  |TAMS 0x0000000088c00000, 0x0000000088b00000| Updating 
| 140|0x0000000088c00000, 0x0000000088d00000, 0x0000000088d00000|100%| O|  |TAMS 0x0000000088d00000, 0x0000000088c00000| Updating 
| 141|0x0000000088d00000, 0x0000000088e00000, 0x0000000088e00000|100%| O|  |TAMS 0x0000000088e00000, 0x0000000088d00000| Updating 
| 142|0x0000000088e00000, 0x0000000088f00000, 0x0000000088f00000|100%| O|  |TAMS 0x0000000088f00000, 0x0000000088e00000| Updating 
| 143|0x0000000088f00000, 0x0000000089000000, 0x0000000089000000|100%| O|  |TAMS 0x0000000089000000, 0x0000000088f00000| Updating 
| 144|0x0000000089000000, 0x0000000089100000, 0x0000000089100000|100%| O|  |TAMS 0x0000000089100000, 0x0000000089000000| Updating 
| 145|0x0000000089100000, 0x0000000089200000, 0x0000000089200000|100%| O|  |TAMS 0x0000000089200000, 0x0000000089100000| Updating 
| 146|0x0000000089200000, 0x0000000089253e00, 0x0000000089300000| 32%| O|  |TAMS 0x0000000089253e00, 0x0000000089200000| Updating 
| 147|0x0000000089300000, 0x0000000089300000, 0x0000000089400000|  0%| F|  |TAMS 0x0000000089300000, 0x0000000089300000| Untracked 
| 148|0x0000000089400000, 0x0000000089400000, 0x0000000089500000|  0%| F|  |TAMS 0x0000000089400000, 0x0000000089400000| Untracked 
| 149|0x0000000089500000, 0x0000000089500000, 0x0000000089600000|  0%| F|  |TAMS 0x0000000089500000, 0x0000000089500000| Untracked 
| 150|0x0000000089600000, 0x0000000089600000, 0x0000000089700000|  0%| F|  |TAMS 0x0000000089600000, 0x0000000089600000| Untracked 
| 151|0x0000000089700000, 0x0000000089700000, 0x0000000089800000|  0%| F|  |TAMS 0x0000000089700000, 0x0000000089700000| Untracked 
| 152|0x0000000089800000, 0x0000000089800000, 0x0000000089900000|  0%| F|  |TAMS 0x0000000089800000, 0x0000000089800000| Untracked 
| 153|0x0000000089900000, 0x0000000089a00000, 0x0000000089a00000|100%| O|  |TAMS 0x0000000089a00000, 0x0000000089900000| Updating 
| 154|0x0000000089a00000, 0x0000000089a00000, 0x0000000089b00000|  0%| F|  |TAMS 0x0000000089a00000, 0x0000000089a00000| Untracked 
| 155|0x0000000089b00000, 0x0000000089b00000, 0x0000000089c00000|  0%| F|  |TAMS 0x0000000089b00000, 0x0000000089b00000| Untracked 
| 156|0x0000000089c00000, 0x0000000089c00000, 0x0000000089d00000|  0%| F|  |TAMS 0x0000000089c00000, 0x0000000089c00000| Untracked 
| 157|0x0000000089d00000, 0x0000000089d00000, 0x0000000089e00000|  0%| F|  |TAMS 0x0000000089d00000, 0x0000000089d00000| Untracked 
| 158|0x0000000089e00000, 0x0000000089e00000, 0x0000000089f00000|  0%| F|  |TAMS 0x0000000089e00000, 0x0000000089e00000| Untracked 
| 159|0x0000000089f00000, 0x0000000089f00000, 0x000000008a000000|  0%| F|  |TAMS 0x0000000089f00000, 0x0000000089f00000| Untracked 
| 160|0x000000008a000000, 0x000000008a000000, 0x000000008a100000|  0%| F|  |TAMS 0x000000008a000000, 0x000000008a000000| Untracked 
| 161|0x000000008a100000, 0x000000008a100000, 0x000000008a200000|  0%| F|  |TAMS 0x000000008a100000, 0x000000008a100000| Untracked 
| 162|0x000000008a200000, 0x000000008a200000, 0x000000008a300000|  0%| F|  |TAMS 0x000000008a200000, 0x000000008a200000| Untracked 
| 163|0x000000008a300000, 0x000000008a300000, 0x000000008a400000|  0%| F|  |TAMS 0x000000008a300000, 0x000000008a300000| Untracked 
| 164|0x000000008a400000, 0x000000008a400000, 0x000000008a500000|  0%| F|  |TAMS 0x000000008a400000, 0x000000008a400000| Untracked 
| 165|0x000000008a500000, 0x000000008a500000, 0x000000008a600000|  0%| F|  |TAMS 0x000000008a500000, 0x000000008a500000| Untracked 
| 166|0x000000008a600000, 0x000000008a600000, 0x000000008a700000|  0%| F|  |TAMS 0x000000008a600000, 0x000000008a600000| Untracked 
| 167|0x000000008a700000, 0x000000008a700000, 0x000000008a800000|  0%| F|  |TAMS 0x000000008a700000, 0x000000008a700000| Untracked 
| 168|0x000000008a800000, 0x000000008a800000, 0x000000008a900000|  0%| F|  |TAMS 0x000000008a800000, 0x000000008a800000| Untracked 
| 169|0x000000008a900000, 0x000000008a900000, 0x000000008aa00000|  0%| F|  |TAMS 0x000000008a900000, 0x000000008a900000| Untracked 
| 170|0x000000008aa00000, 0x000000008aa00000, 0x000000008ab00000|  0%| F|  |TAMS 0x000000008aa00000, 0x000000008aa00000| Untracked 
| 171|0x000000008ab00000, 0x000000008ab00000, 0x000000008ac00000|  0%| F|  |TAMS 0x000000008ab00000, 0x000000008ab00000| Untracked 
| 172|0x000000008ac00000, 0x000000008ac00000, 0x000000008ad00000|  0%| F|  |TAMS 0x000000008ac00000, 0x000000008ac00000| Untracked 
| 173|0x000000008ad00000, 0x000000008ad00000, 0x000000008ae00000|  0%| F|  |TAMS 0x000000008ad00000, 0x000000008ad00000| Untracked 
| 174|0x000000008ae00000, 0x000000008ae00000, 0x000000008af00000|  0%| F|  |TAMS 0x000000008ae00000, 0x000000008ae00000| Untracked 
| 175|0x000000008af00000, 0x000000008af00000, 0x000000008b000000|  0%| F|  |TAMS 0x000000008af00000, 0x000000008af00000| Untracked 
| 176|0x000000008b000000, 0x000000008b000000, 0x000000008b100000|  0%| F|  |TAMS 0x000000008b000000, 0x000000008b000000| Untracked 
| 177|0x000000008b100000, 0x000000008b100000, 0x000000008b200000|  0%| F|  |TAMS 0x000000008b100000, 0x000000008b100000| Untracked 
| 178|0x000000008b200000, 0x000000008b200000, 0x000000008b300000|  0%| F|  |TAMS 0x000000008b200000, 0x000000008b200000| Untracked 
| 179|0x000000008b300000, 0x000000008b300000, 0x000000008b400000|  0%| F|  |TAMS 0x000000008b300000, 0x000000008b300000| Untracked 
| 180|0x000000008b400000, 0x000000008b400000, 0x000000008b500000|  0%| F|  |TAMS 0x000000008b400000, 0x000000008b400000| Untracked 
| 181|0x000000008b500000, 0x000000008b500000, 0x000000008b600000|  0%| F|  |TAMS 0x000000008b500000, 0x000000008b500000| Untracked 
| 182|0x000000008b600000, 0x000000008b600000, 0x000000008b700000|  0%| F|  |TAMS 0x000000008b600000, 0x000000008b600000| Untracked 
| 183|0x000000008b700000, 0x000000008b700000, 0x000000008b800000|  0%| F|  |TAMS 0x000000008b700000, 0x000000008b700000| Untracked 
| 184|0x000000008b800000, 0x000000008b81c998, 0x000000008b900000| 11%| S|CS|TAMS 0x000000008b800000, 0x000000008b800000| Complete 
| 185|0x000000008b900000, 0x000000008ba00000, 0x000000008ba00000|100%| S|CS|TAMS 0x000000008b900000, 0x000000008b900000| Complete 
| 186|0x000000008ba00000, 0x000000008bb00000, 0x000000008bb00000|100%| S|CS|TAMS 0x000000008ba00000, 0x000000008ba00000| Complete 
| 187|0x000000008bb00000, 0x000000008bb00000, 0x000000008bc00000|  0%| F|  |TAMS 0x000000008bb00000, 0x000000008bb00000| Untracked 
| 188|0x000000008bc00000, 0x000000008bc00000, 0x000000008bd00000|  0%| F|  |TAMS 0x000000008bc00000, 0x000000008bc00000| Untracked 
| 189|0x000000008bd00000, 0x000000008bd00000, 0x000000008be00000|  0%| F|  |TAMS 0x000000008bd00000, 0x000000008bd00000| Untracked 
| 190|0x000000008be00000, 0x000000008be00000, 0x000000008bf00000|  0%| F|  |TAMS 0x000000008be00000, 0x000000008be00000| Untracked 
| 191|0x000000008bf00000, 0x000000008bf00000, 0x000000008c000000|  0%| F|  |TAMS 0x000000008bf00000, 0x000000008bf00000| Untracked 
| 192|0x000000008c000000, 0x000000008c000000, 0x000000008c100000|  0%| F|  |TAMS 0x000000008c000000, 0x000000008c000000| Untracked 
| 193|0x000000008c100000, 0x000000008c100000, 0x000000008c200000|  0%| F|  |TAMS 0x000000008c100000, 0x000000008c100000| Untracked 
| 194|0x000000008c200000, 0x000000008c200000, 0x000000008c300000|  0%| F|  |TAMS 0x000000008c200000, 0x000000008c200000| Untracked 
| 195|0x000000008c300000, 0x000000008c300000, 0x000000008c400000|  0%| F|  |TAMS 0x000000008c300000, 0x000000008c300000| Untracked 
| 196|0x000000008c400000, 0x000000008c400000, 0x000000008c500000|  0%| F|  |TAMS 0x000000008c400000, 0x000000008c400000| Untracked 
| 197|0x000000008c500000, 0x000000008c500000, 0x000000008c600000|  0%| F|  |TAMS 0x000000008c500000, 0x000000008c500000| Untracked 
| 198|0x000000008c600000, 0x000000008c600000, 0x000000008c700000|  0%| F|  |TAMS 0x000000008c600000, 0x000000008c600000| Untracked 
| 199|0x000000008c700000, 0x000000008c700000, 0x000000008c800000|  0%| F|  |TAMS 0x000000008c700000, 0x000000008c700000| Untracked 
| 200|0x000000008c800000, 0x000000008c800000, 0x000000008c900000|  0%| F|  |TAMS 0x000000008c800000, 0x000000008c800000| Untracked 
| 201|0x000000008c900000, 0x000000008c900000, 0x000000008ca00000|  0%| F|  |TAMS 0x000000008c900000, 0x000000008c900000| Untracked 
| 202|0x000000008ca00000, 0x000000008ca00000, 0x000000008cb00000|  0%| F|  |TAMS 0x000000008ca00000, 0x000000008ca00000| Untracked 
| 203|0x000000008cb00000, 0x000000008cb00000, 0x000000008cc00000|  0%| F|  |TAMS 0x000000008cb00000, 0x000000008cb00000| Untracked 
| 204|0x000000008cc00000, 0x000000008cc00000, 0x000000008cd00000|  0%| F|  |TAMS 0x000000008cc00000, 0x000000008cc00000| Untracked 
| 205|0x000000008cd00000, 0x000000008cd00000, 0x000000008ce00000|  0%| F|  |TAMS 0x000000008cd00000, 0x000000008cd00000| Untracked 
| 206|0x000000008ce00000, 0x000000008ce00000, 0x000000008cf00000|  0%| F|  |TAMS 0x000000008ce00000, 0x000000008ce00000| Untracked 
| 207|0x000000008cf00000, 0x000000008cf00000, 0x000000008d000000|  0%| F|  |TAMS 0x000000008cf00000, 0x000000008cf00000| Untracked 
| 208|0x000000008d000000, 0x000000008d000000, 0x000000008d100000|  0%| F|  |TAMS 0x000000008d000000, 0x000000008d000000| Untracked 
| 209|0x000000008d100000, 0x000000008d100000, 0x000000008d200000|  0%| F|  |TAMS 0x000000008d100000, 0x000000008d100000| Untracked 
| 210|0x000000008d200000, 0x000000008d200000, 0x000000008d300000|  0%| F|  |TAMS 0x000000008d200000, 0x000000008d200000| Untracked 
| 211|0x000000008d300000, 0x000000008d300000, 0x000000008d400000|  0%| F|  |TAMS 0x000000008d300000, 0x000000008d300000| Untracked 
| 212|0x000000008d400000, 0x000000008d400000, 0x000000008d500000|  0%| F|  |TAMS 0x000000008d400000, 0x000000008d400000| Untracked 
| 213|0x000000008d500000, 0x000000008d500000, 0x000000008d600000|  0%| F|  |TAMS 0x000000008d500000, 0x000000008d500000| Untracked 
| 214|0x000000008d600000, 0x000000008d600000, 0x000000008d700000|  0%| F|  |TAMS 0x000000008d600000, 0x000000008d600000| Untracked 
| 215|0x000000008d700000, 0x000000008d700000, 0x000000008d800000|  0%| F|  |TAMS 0x000000008d700000, 0x000000008d700000| Untracked 
| 216|0x000000008d800000, 0x000000008d800000, 0x000000008d900000|  0%| F|  |TAMS 0x000000008d800000, 0x000000008d800000| Untracked 
| 217|0x000000008d900000, 0x000000008d900000, 0x000000008da00000|  0%| F|  |TAMS 0x000000008d900000, 0x000000008d900000| Untracked 
| 218|0x000000008da00000, 0x000000008da00000, 0x000000008db00000|  0%| F|  |TAMS 0x000000008da00000, 0x000000008da00000| Untracked 
| 219|0x000000008db00000, 0x000000008db00000, 0x000000008dc00000|  0%| F|  |TAMS 0x000000008db00000, 0x000000008db00000| Untracked 
| 220|0x000000008dc00000, 0x000000008dc00000, 0x000000008dd00000|  0%| F|  |TAMS 0x000000008dc00000, 0x000000008dc00000| Untracked 
| 221|0x000000008dd00000, 0x000000008dd00000, 0x000000008de00000|  0%| F|  |TAMS 0x000000008dd00000, 0x000000008dd00000| Untracked 
| 222|0x000000008de00000, 0x000000008de00000, 0x000000008df00000|  0%| F|  |TAMS 0x000000008de00000, 0x000000008de00000| Untracked 
| 223|0x000000008df00000, 0x000000008df00000, 0x000000008e000000|  0%| F|  |TAMS 0x000000008df00000, 0x000000008df00000| Untracked 
| 224|0x000000008e000000, 0x000000008e000000, 0x000000008e100000|  0%| F|  |TAMS 0x000000008e000000, 0x000000008e000000| Untracked 
| 225|0x000000008e100000, 0x000000008e100000, 0x000000008e200000|  0%| F|  |TAMS 0x000000008e100000, 0x000000008e100000| Untracked 
| 226|0x000000008e200000, 0x000000008e200000, 0x000000008e300000|  0%| F|  |TAMS 0x000000008e200000, 0x000000008e200000| Untracked 
| 227|0x000000008e300000, 0x000000008e300000, 0x000000008e400000|  0%| F|  |TAMS 0x000000008e300000, 0x000000008e300000| Untracked 
| 228|0x000000008e400000, 0x000000008e400000, 0x000000008e500000|  0%| F|  |TAMS 0x000000008e400000, 0x000000008e400000| Untracked 
| 229|0x000000008e500000, 0x000000008e500000, 0x000000008e600000|  0%| F|  |TAMS 0x000000008e500000, 0x000000008e500000| Untracked 
| 230|0x000000008e600000, 0x000000008e600000, 0x000000008e700000|  0%| F|  |TAMS 0x000000008e600000, 0x000000008e600000| Untracked 
| 231|0x000000008e700000, 0x000000008e700000, 0x000000008e800000|  0%| F|  |TAMS 0x000000008e700000, 0x000000008e700000| Untracked 
| 232|0x000000008e800000, 0x000000008e800000, 0x000000008e900000|  0%| F|  |TAMS 0x000000008e800000, 0x000000008e800000| Untracked 
| 233|0x000000008e900000, 0x000000008e900000, 0x000000008ea00000|  0%| F|  |TAMS 0x000000008e900000, 0x000000008e900000| Untracked 
| 234|0x000000008ea00000, 0x000000008ea00000, 0x000000008eb00000|  0%| F|  |TAMS 0x000000008ea00000, 0x000000008ea00000| Untracked 
| 235|0x000000008eb00000, 0x000000008eb00000, 0x000000008ec00000|  0%| F|  |TAMS 0x000000008eb00000, 0x000000008eb00000| Untracked 
| 236|0x000000008ec00000, 0x000000008ec00000, 0x000000008ed00000|  0%| F|  |TAMS 0x000000008ec00000, 0x000000008ec00000| Untracked 
| 237|0x000000008ed00000, 0x000000008ed00000, 0x000000008ee00000|  0%| F|  |TAMS 0x000000008ed00000, 0x000000008ed00000| Untracked 
| 238|0x000000008ee00000, 0x000000008ee00000, 0x000000008ef00000|  0%| F|  |TAMS 0x000000008ee00000, 0x000000008ee00000| Untracked 
| 239|0x000000008ef00000, 0x000000008ef00000, 0x000000008f000000|  0%| F|  |TAMS 0x000000008ef00000, 0x000000008ef00000| Untracked 
| 240|0x000000008f000000, 0x000000008f000000, 0x000000008f100000|  0%| F|  |TAMS 0x000000008f000000, 0x000000008f000000| Untracked 
| 241|0x000000008f100000, 0x000000008f100000, 0x000000008f200000|  0%| F|  |TAMS 0x000000008f100000, 0x000000008f100000| Untracked 
| 242|0x000000008f200000, 0x000000008f200000, 0x000000008f300000|  0%| F|  |TAMS 0x000000008f200000, 0x000000008f200000| Untracked 
| 243|0x000000008f300000, 0x000000008f300000, 0x000000008f400000|  0%| F|  |TAMS 0x000000008f300000, 0x000000008f300000| Untracked 
| 244|0x000000008f400000, 0x000000008f400000, 0x000000008f500000|  0%| F|  |TAMS 0x000000008f400000, 0x000000008f400000| Untracked 
| 245|0x000000008f500000, 0x000000008f500000, 0x000000008f600000|  0%| F|  |TAMS 0x000000008f500000, 0x000000008f500000| Untracked 
| 246|0x000000008f600000, 0x000000008f600000, 0x000000008f700000|  0%| F|  |TAMS 0x000000008f600000, 0x000000008f600000| Untracked 
| 247|0x000000008f700000, 0x000000008f700000, 0x000000008f800000|  0%| F|  |TAMS 0x000000008f700000, 0x000000008f700000| Untracked 
| 248|0x000000008f800000, 0x000000008f800000, 0x000000008f900000|  0%| F|  |TAMS 0x000000008f800000, 0x000000008f800000| Untracked 
| 249|0x000000008f900000, 0x000000008f900000, 0x000000008fa00000|  0%| F|  |TAMS 0x000000008f900000, 0x000000008f900000| Untracked 
| 250|0x000000008fa00000, 0x000000008fa00000, 0x000000008fb00000|  0%| F|  |TAMS 0x000000008fa00000, 0x000000008fa00000| Untracked 
| 251|0x000000008fb00000, 0x000000008fb00000, 0x000000008fc00000|  0%| F|  |TAMS 0x000000008fb00000, 0x000000008fb00000| Untracked 
| 252|0x000000008fc00000, 0x000000008fc00000, 0x000000008fd00000|  0%| F|  |TAMS 0x000000008fc00000, 0x000000008fc00000| Untracked 
| 253|0x000000008fd00000, 0x000000008fd00000, 0x000000008fe00000|  0%| F|  |TAMS 0x000000008fd00000, 0x000000008fd00000| Untracked 
| 254|0x000000008fe00000, 0x000000008fe00000, 0x000000008ff00000|  0%| F|  |TAMS 0x000000008fe00000, 0x000000008fe00000| Untracked 
| 255|0x000000008ff00000, 0x000000008ff00000, 0x0000000090000000|  0%| F|  |TAMS 0x000000008ff00000, 0x000000008ff00000| Untracked 

Card table byte_map: [0x000001a9a4980000,0x000001a9a4d80000] _byte_map_base: 0x000001a9a4580000

Marking Bits (Prev, Next): (CMBitMap*) 0x000001a98f882a78, (CMBitMap*) 0x000001a98f882ab0
 Prev Bits: [0x000001a9a5180000, 0x000001a9a7180000)
 Next Bits: [0x000001a9a7180000, 0x000001a9a9180000)

Polling page: 0x000001a98f920000

Metaspace:

Usage:
  Non-class:    112.50 MB capacity,   110.26 MB ( 98%) used,     1.78 MB (  2%) free+waste,   464.31 KB ( <1%) overhead. 
      Class:     17.04 MB capacity,    15.67 MB ( 92%) used,     1.17 MB (  7%) free+waste,   203.13 KB (  1%) overhead. 
       Both:    129.54 MB capacity,   125.93 MB ( 97%) used,     2.95 MB (  2%) free+waste,   667.44 KB ( <1%) overhead. 

Virtual space:
  Non-class space:      114.00 MB reserved,     112.64 MB ( 99%) committed 
      Class space:        1.00 GB reserved,      17.45 MB (  2%) committed 
             Both:        1.11 GB reserved,     130.09 MB ( 11%) committed 

Chunk freelists:
   Non-Class:  146.00 KB
       Class:  297.00 KB
        Both:  443.00 KB

MaxMetaspaceSize: 17179869184.00 GB
CompressedClassSpaceSize: 1.00 GB

CodeHeap 'non-profiled nmethods': size=120000Kb used=16709Kb max_used=16709Kb free=103290Kb
 bounds [0x000001a99c5d0000, 0x000001a99d640000, 0x000001a9a3b00000]
CodeHeap 'profiled nmethods': size=120000Kb used=51954Kb max_used=51954Kb free=68045Kb
 bounds [0x000001a9950a0000, 0x000001a998390000, 0x000001a99c5d0000]
CodeHeap 'non-nmethods': size=5760Kb used=2375Kb max_used=2467Kb free=3384Kb
 bounds [0x000001a994b00000, 0x000001a994d80000, 0x000001a9950a0000]
 total_blobs=23449 nmethods=22450 adapters=907
 compilation: enabled
              stopped_count=0, restarted_count=0
 full_count=0

Compilation events (20 events):
Event: 5699.488 Thread 0x000001a9ac556800 nmethod 25317 0x000001a996ed5f10 code [0x000001a996ed60c0, 0x000001a996ed6248]
Event: 5699.488 Thread 0x000001a9ac556800 25335       2       com.android.tools.r8.internal.Q5::<init> (12 bytes)
Event: 5699.488 Thread 0x000001a9ac556800 nmethod 25335 0x000001a996eb4a10 code [0x000001a996eb4bc0, 0x000001a996eb4d28]
Event: 5699.488 Thread 0x000001a9ac556800 25328       1       com.android.tools.r8.code.I2::hashCode (3 bytes)
Event: 5699.488 Thread 0x000001a9ac556800 nmethod 25328 0x000001a99cd45590 code [0x000001a99cd45740, 0x000001a99cd457f8]
Event: 5699.488 Thread 0x000001a9ac556800 25329       1       com.android.tools.r8.internal.D7::Y1 (4 bytes)
Event: 5699.488 Thread 0x000001a9ac556800 nmethod 25329 0x000001a99cd46e90 code [0x000001a99cd47040, 0x000001a99cd470f8]
Event: 5699.488 Thread 0x000001a9ac556800 25326       1       com.android.tools.r8.internal.Da::f2 (2 bytes)
Event: 5699.488 Thread 0x000001a9ac556800 nmethod 25326 0x000001a99cd46b90 code [0x000001a99cd46d40, 0x000001a99cd46df8]
Event: 5699.491 Thread 0x000001a9ac556800 25339 %     3       java.util.AbstractQueue::addAll @ 34 (67 bytes)
Event: 5699.492 Thread 0x000001a9ac556800 nmethod 25339% 0x000001a996f13410 code [0x000001a996f13640, 0x000001a996f13d98]
Event: 5699.492 Thread 0x000001a9ac556800 25340       3       java.util.AbstractQueue::addAll (67 bytes)
Event: 5699.492 Thread 0x000001a9ac556800 nmethod 25340 0x000001a996f08490 code [0x000001a996f086c0, 0x000001a996f08d98]
Event: 5699.493 Thread 0x000001a9ac556800 25341       2       com.android.tools.r8.code.h::<init> (8 bytes)
Event: 5699.493 Thread 0x000001a9ac556800 nmethod 25341 0x000001a996c4bc10 code [0x000001a996c4bdc0, 0x000001a996c4bec8]
Event: 5699.494 Thread 0x000001a9ac556800 25342       2       com.android.tools.r8.internal.C8::a (37 bytes)
Event: 5699.494 Thread 0x000001a9ac556800 nmethod 25342 0x000001a996ef2090 code [0x000001a996ef2260, 0x000001a996ef2488]
Event: 5699.494 Thread 0x000001a9ac556800 25343       2       com.android.tools.r8.code.Z::<init> (7 bytes)
Event: 5699.494 Thread 0x000001a9ac556800 nmethod 25343 0x000001a996cc0010 code [0x000001a996cc01c0, 0x000001a996cc02c8]
Event: 5699.496 Thread 0x000001a9ac556800 25344       3       com.android.tools.r8.internal.zz::b (1748 bytes)

GC Heap History (20 events):
Event: 5697.547 GC heap after
{Heap after GC invocations=70 (full 0):
 garbage-first heap   total 262144K, used 120646K [0x0000000080000000, 0x0000000100000000)
  region size 1024K, 10 young (10240K), 10 survivors (10240K)
 Metaspace       used 127926K, capacity 131569K, committed 132444K, reserved 1163264K
  class space    used 16008K, capacity 17401K, committed 17868K, reserved 1048576K
}
Event: 5697.728 GC heap before
{Heap before GC invocations=71 (full 0):
 garbage-first heap   total 262144K, used 192326K [0x0000000080000000, 0x0000000100000000)
  region size 1024K, 80 young (81920K), 10 survivors (10240K)
 Metaspace       used 128001K, capacity 131660K, committed 132444K, reserved 1163264K
  class space    used 16020K, capacity 17410K, committed 17868K, reserved 1048576K
}
Event: 5697.744 GC heap after
{Heap after GC invocations=72 (full 0):
 garbage-first heap   total 262144K, used 131920K [0x0000000080000000, 0x0000000100000000)
  region size 1024K, 10 young (10240K), 10 survivors (10240K)
 Metaspace       used 128001K, capacity 131660K, committed 132444K, reserved 1163264K
  class space    used 16020K, capacity 17410K, committed 17868K, reserved 1048576K
}
Event: 5697.750 GC heap before
{Heap before GC invocations=72 (full 0):
 garbage-first heap   total 262144K, used 133968K [0x0000000080000000, 0x0000000100000000)
  region size 1024K, 12 young (12288K), 10 survivors (10240K)
 Metaspace       used 128011K, capacity 131727K, committed 132444K, reserved 1163264K
  class space    used 16021K, capacity 17411K, committed 17868K, reserved 1048576K
}
Event: 5697.764 GC heap after
{Heap after GC invocations=73 (full 0):
 garbage-first heap   total 262144K, used 134075K [0x0000000080000000, 0x0000000100000000)
  region size 1024K, 2 young (2048K), 2 survivors (2048K)
 Metaspace       used 128011K, capacity 131727K, committed 132444K, reserved 1163264K
  class space    used 16021K, capacity 17411K, committed 17868K, reserved 1048576K
}
Event: 5697.941 GC heap before
{Heap before GC invocations=73 (full 0):
 garbage-first heap   total 262144K, used 197563K [0x0000000080000000, 0x0000000100000000)
  region size 1024K, 65 young (66560K), 2 survivors (2048K)
 Metaspace       used 128115K, capacity 131841K, committed 132700K, reserved 1165312K
  class space    used 16031K, capacity 17427K, committed 17868K, reserved 1048576K
}
Event: 5697.952 GC heap after
{Heap after GC invocations=74 (full 0):
 garbage-first heap   total 262144K, used 138536K [0x0000000080000000, 0x0000000100000000)
  region size 1024K, 7 young (7168K), 7 survivors (7168K)
 Metaspace       used 128115K, capacity 131841K, committed 132700K, reserved 1165312K
  class space    used 16031K, capacity 17427K, committed 17868K, reserved 1048576K
}
Event: 5698.216 GC heap before
{Heap before GC invocations=75 (full 0):
 garbage-first heap   total 262144K, used 203048K [0x0000000080000000, 0x0000000100000000)
  region size 1024K, 70 young (71680K), 7 survivors (7168K)
 Metaspace       used 128360K, capacity 132050K, committed 132700K, reserved 1165312K
  class space    used 16036K, capacity 17428K, committed 17868K, reserved 1048576K
}
Event: 5698.227 GC heap after
{Heap after GC invocations=76 (full 0):
 garbage-first heap   total 262144K, used 144052K [0x0000000080000000, 0x0000000100000000)
  region size 1024K, 6 young (6144K), 6 survivors (6144K)
 Metaspace       used 128360K, capacity 132050K, committed 132700K, reserved 1165312K
  class space    used 16036K, capacity 17428K, committed 17868K, reserved 1048576K
}
Event: 5698.236 GC heap before
{Heap before GC invocations=76 (full 0):
 garbage-first heap   total 262144K, used 150196K [0x0000000080000000, 0x0000000100000000)
  region size 1024K, 12 young (12288K), 6 survivors (6144K)
 Metaspace       used 128360K, capacity 132050K, committed 132700K, reserved 1165312K
  class space    used 16036K, capacity 17428K, committed 17868K, reserved 1048576K
}
Event: 5698.282 GC heap after
{Heap after GC invocations=77 (full 0):
 garbage-first heap   total 262144K, used 142420K [0x0000000080000000, 0x0000000100000000)
  region size 1024K, 2 young (2048K), 2 survivors (2048K)
 Metaspace       used 128360K, capacity 132050K, committed 132700K, reserved 1165312K
  class space    used 16036K, capacity 17428K, committed 17868K, reserved 1048576K
}
Event: 5698.687 GC heap before
{Heap before GC invocations=77 (full 0):
 garbage-first heap   total 262144K, used 207956K [0x0000000080000000, 0x0000000100000000)
  region size 1024K, 66 young (67584K), 2 survivors (2048K)
 Metaspace       used 128638K, capacity 132327K, committed 132956K, reserved 1165312K
  class space    used 16040K, capacity 17432K, committed 17868K, reserved 1048576K
}
Event: 5698.693 GC heap after
{Heap after GC invocations=78 (full 0):
 garbage-first heap   total 262144K, used 144968K [0x0000000080000000, 0x0000000100000000)
  region size 1024K, 4 young (4096K), 4 survivors (4096K)
 Metaspace       used 128638K, capacity 132327K, committed 132956K, reserved 1165312K
  class space    used 16040K, capacity 17432K, committed 17868K, reserved 1048576K
}
Event: 5698.920 GC heap before
{Heap before GC invocations=79 (full 0):
 garbage-first heap   total 262144K, used 211528K [0x0000000080000000, 0x0000000100000000)
  region size 1024K, 69 young (70656K), 4 survivors (4096K)
 Metaspace       used 128818K, capacity 132497K, committed 133212K, reserved 1165312K
  class space    used 16046K, capacity 17443K, committed 17868K, reserved 1048576K
}
Event: 5698.926 GC heap after
{Heap after GC invocations=80 (full 0):
 garbage-first heap   total 262144K, used 147840K [0x0000000080000000, 0x0000000100000000)
  region size 1024K, 7 young (7168K), 7 survivors (7168K)
 Metaspace       used 128818K, capacity 132497K, committed 133212K, reserved 1165312K
  class space    used 16046K, capacity 17443K, committed 17868K, reserved 1048576K
}
Event: 5698.935 GC heap before
{Heap before GC invocations=80 (full 0):
 garbage-first heap   total 262144K, used 152960K [0x0000000080000000, 0x0000000100000000)
  region size 1024K, 12 young (12288K), 7 survivors (7168K)
 Metaspace       used 128818K, capacity 132497K, committed 133212K, reserved 1165312K
  class space    used 16046K, capacity 17443K, committed 17868K, reserved 1048576K
}
Event: 5699.107 GC heap after
{Heap after GC invocations=81 (full 0):
 garbage-first heap   total 262144K, used 145743K [0x0000000080000000, 0x0000000100000000)
  region size 1024K, 1 young (1024K), 1 survivors (1024K)
 Metaspace       used 128818K, capacity 132497K, committed 133212K, reserved 1165312K
  class space    used 16046K, capacity 17443K, committed 17868K, reserved 1048576K
}
Event: 5699.273 GC heap before
{Heap before GC invocations=81 (full 0):
 garbage-first heap   total 262144K, used 213327K [0x0000000080000000, 0x0000000100000000)
  region size 1024K, 67 young (68608K), 1 survivors (1024K)
 Metaspace       used 128894K, capacity 132567K, committed 133212K, reserved 1165312K
  class space    used 16047K, capacity 17443K, committed 17868K, reserved 1048576K
}
Event: 5699.278 GC heap after
{Heap after GC invocations=82 (full 0):
 garbage-first heap   total 262144K, used 146459K [0x0000000080000000, 0x0000000100000000)
  region size 1024K, 2 young (2048K), 2 survivors (2048K)
 Metaspace       used 128894K, capacity 132567K, committed 133212K, reserved 1165312K
  class space    used 16047K, capacity 17443K, committed 17868K, reserved 1048576K
}
Event: 5699.527 GC heap before
{Heap before GC invocations=82 (full 0):
 garbage-first heap   total 262144K, used 215067K [0x0000000080000000, 0x0000000100000000)
  region size 1024K, 69 young (70656K), 2 survivors (2048K)
 Metaspace       used 128956K, capacity 132645K, committed 133212K, reserved 1165312K
  class space    used 16049K, capacity 17447K, committed 17868K, reserved 1048576K
}

Deoptimization events (20 events):
Event: 5698.931 Thread 0x000001a9b8dd2000 DEOPT PACKING pc=0x000001a997506e4c sp=0x0000003e8a2f9ba0
Event: 5698.931 Thread 0x000001a9b8dd2000 DEOPT UNPACKING pc=0x000001a994b276ce sp=0x0000003e8a2f90b0 mode 0
Event: 5699.140 Thread 0x000001a9b1f50000 DEOPT PACKING pc=0x000001a997558b83 sp=0x0000003e8a6f9b40
Event: 5699.140 Thread 0x000001a9b1f50000 DEOPT UNPACKING pc=0x000001a994b276ce sp=0x0000003e8a6f8ff8 mode 0
Event: 5699.172 Thread 0x000001a9b1f4a800 DEOPT PACKING pc=0x000001a997d01bae sp=0x0000003e8a7f9c90
Event: 5699.172 Thread 0x000001a9b1f4a800 DEOPT UNPACKING pc=0x000001a994b276ce sp=0x0000003e8a7f9418 mode 0
Event: 5699.315 Thread 0x000001a9b1f50000 DEOPT PACKING pc=0x000001a9953d7e5a sp=0x0000003e8a6f9300
Event: 5699.315 Thread 0x000001a9b1f50000 DEOPT UNPACKING pc=0x000001a994b276ce sp=0x0000003e8a6f8858 mode 0
Event: 5699.319 Thread 0x000001a9b1f50000 DEOPT PACKING pc=0x000001a995b4a5aa sp=0x0000003e8a6f9a60
Event: 5699.319 Thread 0x000001a9b1f50000 DEOPT UNPACKING pc=0x000001a994b276ce sp=0x0000003e8a6f8fe8 mode 0
Event: 5699.352 Thread 0x000001a9b1f50000 DEOPT PACKING pc=0x000001a997ffb508 sp=0x0000003e8a6fa140
Event: 5699.352 Thread 0x000001a9b1f50000 DEOPT UNPACKING pc=0x000001a994b276ce sp=0x0000003e8a6f9708 mode 0
Event: 5699.399 Thread 0x000001a9b1f4b000 DEOPT PACKING pc=0x000001a99803d521 sp=0x0000003e8aaf9d20
Event: 5699.399 Thread 0x000001a9b1f4b000 DEOPT UNPACKING pc=0x000001a994b276ce sp=0x0000003e8aaf9340 mode 0
Event: 5699.482 Thread 0x000001a9b1f51000 DEOPT PACKING pc=0x000001a9953d7e5a sp=0x0000003e8a9f9450
Event: 5699.482 Thread 0x000001a9b1f51000 DEOPT UNPACKING pc=0x000001a994b276ce sp=0x0000003e8a9f89a8 mode 0
Event: 5699.492 Thread 0x000001a9b1f4d000 DEOPT PACKING pc=0x000001a9955e0efb sp=0x0000003e8a8f9910
Event: 5699.492 Thread 0x000001a9b1f4d000 DEOPT UNPACKING pc=0x000001a994b276ce sp=0x0000003e8a8f8db0 mode 0
Event: 5699.501 Thread 0x000001a9b1f4d000 DEOPT PACKING pc=0x000001a998241318 sp=0x0000003e8a8f9fa0
Event: 5699.501 Thread 0x000001a9b1f4d000 DEOPT UNPACKING pc=0x000001a994b276ce sp=0x0000003e8a8f9698 mode 0

Classes redefined (0 events):
No events

Internal exceptions (20 events):
Event: 5696.948 Thread 0x000001a9b1f4e800 Exception <a 'java/lang/NoSuchMethodError'{0x000000008d9b85b0}: <clinit>> (0x000000008d9b85b0) thrown at [./src/hotspot/share/prims/jni.cpp, line 1362]
Event: 5696.950 Thread 0x000001a9b1f4e800 Exception <a 'java/lang/NoSuchMethodError'{0x000000008d9d0fd8}: <clinit>> (0x000000008d9d0fd8) thrown at [./src/hotspot/share/prims/jni.cpp, line 1362]
Event: 5696.950 Thread 0x000001a9b1f4e800 Exception <a 'java/lang/NoSuchMethodError'{0x000000008d9d24b8}: <clinit>> (0x000000008d9d24b8) thrown at [./src/hotspot/share/prims/jni.cpp, line 1362]
Event: 5696.960 Thread 0x000001a9b1f4e800 Implicit null exception at 0x000001a99c75a2a4 to 0x000001a99c75a358
Event: 5696.963 Thread 0x000001a9b1f4e800 Implicit null exception at 0x000001a99cb1a732 to 0x000001a99cb1fc30
Event: 5696.988 Thread 0x000001a9b1f4e800 Exception <a 'java/lang/NoSuchMethodError'{0x000000008d88a198}: <clinit>> (0x000000008d88a198) thrown at [./src/hotspot/share/prims/jni.cpp, line 1362]
Event: 5696.994 Thread 0x000001a9b1f4e800 Exception <a 'java/lang/NoSuchMethodError'{0x000000008d8bc630}: <clinit>> (0x000000008d8bc630) thrown at [./src/hotspot/share/prims/jni.cpp, line 1362]
Event: 5696.997 Thread 0x000001a9b1f4e800 Exception <a 'java/lang/NoSuchMethodError'{0x000000008d8cf400}: <clinit>> (0x000000008d8cf400) thrown at [./src/hotspot/share/prims/jni.cpp, line 1362]
Event: 5697.079 Thread 0x000001a9b1f4b000 Exception <a 'sun/nio/fs/WindowsException'{0x000000008d011d68}> (0x000000008d011d68) thrown at [./src/hotspot/share/prims/jni.cpp, line 615]
Event: 5697.102 Thread 0x000001a9b1f51800 Exception <a 'sun/nio/fs/WindowsException'{0x000000008cda1458}> (0x000000008cda1458) thrown at [./src/hotspot/share/prims/jni.cpp, line 615]
Event: 5697.192 Thread 0x000001a9b1f50000 Exception <a 'sun/nio/fs/WindowsException'{0x000000008ba141d0}> (0x000000008ba141d0) thrown at [./src/hotspot/share/prims/jni.cpp, line 615]
Event: 5697.240 Thread 0x000001a9b1f4d000 Exception <a 'sun/nio/fs/WindowsException'{0x000000008fe424d8}> (0x000000008fe424d8) thrown at [./src/hotspot/share/prims/jni.cpp, line 615]
Event: 5697.317 Thread 0x000001a9b8dd2000 Exception <a 'sun/nio/fs/WindowsException'{0x000000008edac748}> (0x000000008edac748) thrown at [./src/hotspot/share/prims/jni.cpp, line 615]
Event: 5697.557 Thread 0x000001a9b1f4a800 Exception <a 'sun/nio/fs/WindowsException'{0x000000008fecfef8}> (0x000000008fecfef8) thrown at [./src/hotspot/share/prims/jni.cpp, line 615]
Event: 5697.582 Thread 0x000001a9b1f51800 Exception <a 'java/lang/NoSuchMethodError'{0x000000008f42c718}: 'java.lang.Object java.lang.invoke.DirectMethodHandle$Holder.invokeInterface(java.lang.Object, java.lang.Object, int)'> (0x000000008f42c718) thrown at [./src/hotspot/share/interpreter/linkResolver.cpp, line 773]
Event: 5697.775 Thread 0x000001a9b1f51800 Exception <a 'sun/nio/fs/WindowsException'{0x000000008f87d720}> (0x000000008f87d720) thrown at [./src/hotspot/share/prims/jni.cpp, line 615]
Event: 5697.994 Thread 0x000001a9b1f51000 Exception <a 'sun/nio/fs/WindowsException'{0x000000008fd2fb98}> (0x000000008fd2fb98) thrown at [./src/hotspot/share/prims/jni.cpp, line 615]
Event: 5698.458 Thread 0x000001a9b1f50000 Exception <a 'java/lang/NoSuchMethodError'{0x000000008f1ef740}: 'int java.lang.invoke.DirectMethodHandle$Holder.invokeInterface(java.lang.Object, java.lang.Object, int)'> (0x000000008f1ef740) thrown at [./src/hotspot/share/interpreter/linkResolver.cpp, line 773]
Event: 5698.730 Thread 0x000001a9b1f4b000 Exception <a 'sun/nio/fs/WindowsException'{0x000000008fde0100}> (0x000000008fde0100) thrown at [./src/hotspot/share/prims/jni.cpp, line 615]
Event: 5698.899 Thread 0x000001a9b1f4b000 Exception <a 'sun/nio/fs/WindowsException'{0x000000008c8c5a90}> (0x000000008c8c5a90) thrown at [./src/hotspot/share/prims/jni.cpp, line 615]

Events (20 events):
Event: 5699.439 Executing VM operation: CGC_Operation done
Event: 5699.500 loading class com/android/tools/r8/internal/dj
Event: 5699.500 loading class com/android/tools/r8/internal/dj done
Event: 5699.500 loading class com/android/tools/r8/internal/dj
Event: 5699.500 loading class com/android/tools/r8/internal/dj done
Event: 5699.500 loading class com/android/tools/r8/internal/iu
Event: 5699.500 loading class com/android/tools/r8/internal/iu done
Event: 5699.500 loading class com/android/tools/r8/internal/iu
Event: 5699.500 loading class com/android/tools/r8/internal/iu done
Event: 5699.501 loading class com/android/tools/r8/internal/iu
Event: 5699.501 loading class com/android/tools/r8/internal/iu done
Event: 5699.501 loading class com/android/tools/r8/internal/iu
Event: 5699.501 loading class com/android/tools/r8/internal/iu done
Event: 5699.501 loading class com/android/tools/r8/internal/Ne
Event: 5699.501 loading class com/android/tools/r8/internal/Ne done
Event: 5699.501 loading class com/android/tools/r8/internal/iu
Event: 5699.501 loading class com/android/tools/r8/internal/iu done
Event: 5699.501 loading class com/android/tools/r8/internal/Ue
Event: 5699.501 loading class com/android/tools/r8/internal/Ue done
Event: 5699.501 Executing VM operation: G1CollectForAllocation


Dynamic libraries:
0x00007ff703160000 - 0x00007ff70316a000 	D:\AS\as\jre\bin\java.exe
0x00007ffb475f0000 - 0x00007ffb477e5000 	C:\WINDOWS\SYSTEM32\ntdll.dll
0x00007ffb45e50000 - 0x00007ffb45f0d000 	C:\WINDOWS\System32\KERNEL32.DLL
0x00007ffb450d0000 - 0x00007ffb4539d000 	C:\WINDOWS\System32\KERNELBASE.dll
0x00007ffb44f80000 - 0x00007ffb45080000 	C:\WINDOWS\System32\ucrtbase.dll
0x00007ffb11890000 - 0x00007ffb118a9000 	D:\AS\as\jre\bin\jli.dll
0x00007ffaf0be0000 - 0x00007ffaf0bf7000 	D:\AS\as\jre\bin\VCRUNTIME140.dll
0x00007ffb470b0000 - 0x00007ffb47250000 	C:\WINDOWS\System32\USER32.dll
0x00007ffb44e80000 - 0x00007ffb44ea2000 	C:\WINDOWS\System32\win32u.dll
0x00007ffb46d40000 - 0x00007ffb46d6a000 	C:\WINDOWS\System32\GDI32.dll
0x00007ffb31630000 - 0x00007ffb318ca000 	C:\WINDOWS\WinSxS\amd64_microsoft.windows.common-controls_6595b64144ccf1df_6.0.19041.1110_none_60b5254171f9507e\COMCTL32.dll
0x00007ffb44d00000 - 0x00007ffb44e0b000 	C:\WINDOWS\System32\gdi32full.dll
0x00007ffb44eb0000 - 0x00007ffb44f4d000 	C:\WINDOWS\System32\msvcp_win.dll
0x00007ffb46f10000 - 0x00007ffb46fae000 	C:\WINDOWS\System32\msvcrt.dll
0x00007ffb460b0000 - 0x00007ffb460e0000 	C:\WINDOWS\System32\IMM32.DLL
0x00007ffaf08d0000 - 0x00007ffaf096d000 	D:\AS\as\jre\bin\msvcp140.dll
0x00007ffae1150000 - 0x00007ffae1c1f000 	D:\AS\as\jre\bin\server\jvm.dll
0x00007ffb45c80000 - 0x00007ffb45d2e000 	C:\WINDOWS\System32\ADVAPI32.dll
0x00007ffb46160000 - 0x00007ffb461fc000 	C:\WINDOWS\System32\sechost.dll
0x00007ffb45f80000 - 0x00007ffb460a5000 	C:\WINDOWS\System32\RPCRT4.dll
0x00007ffb46fb0000 - 0x00007ffb46fb8000 	C:\WINDOWS\System32\PSAPI.DLL
0x00007ffb357f0000 - 0x00007ffb35817000 	C:\WINDOWS\SYSTEM32\WINMM.dll
0x00007ffb3f790000 - 0x00007ffb3f799000 	C:\WINDOWS\SYSTEM32\WSOCK32.dll
0x00007ffb400b0000 - 0x00007ffb400ba000 	C:\WINDOWS\SYSTEM32\VERSION.dll
0x00007ffb45f10000 - 0x00007ffb45f7b000 	C:\WINDOWS\System32\WS2_32.dll
0x00007ffb43590000 - 0x00007ffb435a2000 	C:\WINDOWS\SYSTEM32\kernel.appcore.dll
0x00007ffb2dbd0000 - 0x00007ffb2dbe1000 	D:\AS\as\jre\bin\verify.dll
0x00007ffb429b0000 - 0x00007ffb42b94000 	C:\WINDOWS\SYSTEM32\DBGHELP.DLL
0x00007ffb2f850000 - 0x00007ffb2f87c000 	C:\WINDOWS\SYSTEM32\dbgcore.DLL
0x00007ffb455b0000 - 0x00007ffb45632000 	C:\WINDOWS\System32\bcryptPrimitives.dll
0x00007ffb20090000 - 0x00007ffb200b9000 	D:\AS\as\jre\bin\java.dll
0x00007ffb3f770000 - 0x00007ffb3f77b000 	D:\AS\as\jre\bin\jimage.dll
0x00007ffb24c40000 - 0x00007ffb24c58000 	D:\AS\as\jre\bin\zip.dll
0x00007ffb46200000 - 0x00007ffb46944000 	C:\WINDOWS\System32\SHELL32.dll
0x00007ffb42de0000 - 0x00007ffb43574000 	C:\WINDOWS\SYSTEM32\windows.storage.dll
0x00007ffb47250000 - 0x00007ffb475a4000 	C:\WINDOWS\System32\combase.dll
0x00007ffb44760000 - 0x00007ffb4478c000 	C:\WINDOWS\SYSTEM32\Wldp.dll
0x00007ffb46b00000 - 0x00007ffb46bad000 	C:\WINDOWS\System32\SHCORE.dll
0x00007ffb46ce0000 - 0x00007ffb46d35000 	C:\WINDOWS\System32\shlwapi.dll
0x00007ffb44c40000 - 0x00007ffb44c5f000 	C:\WINDOWS\SYSTEM32\profapi.dll
0x00007ffb12f50000 - 0x00007ffb12f6a000 	D:\AS\as\jre\bin\net.dll
0x00007ffb34600000 - 0x00007ffb3470a000 	C:\WINDOWS\SYSTEM32\WINHTTP.dll
0x00007ffb444c0000 - 0x00007ffb4452a000 	C:\WINDOWS\system32\mswsock.dll
0x00007ffb129c0000 - 0x00007ffb129d4000 	D:\AS\as\jre\bin\nio.dll
0x00007ffaf0b30000 - 0x00007ffaf0b57000 	C:\Users\hn109\.gradle\native\8bec1ad78214c89d9ad589b4d07fe93259594b29d510b10fafb7a158f7737e5d\windows-amd64\native-platform.dll
0x00007ffae3190000 - 0x00007ffae32cd000 	C:\Users\hn109\.gradle\native\53dbd7edfb1c66fb8903c78663c9afc45aea4f116125fa6feffd364cf09443e8\windows-amd64\native-platform-file-events.dll
0x00007ffb29a80000 - 0x00007ffb29a8a000 	D:\AS\as\jre\bin\management.dll
0x00007ffb23690000 - 0x00007ffb2369c000 	D:\AS\as\jre\bin\management_ext.dll
0x00007ffb446c0000 - 0x00007ffb446d8000 	C:\WINDOWS\SYSTEM32\CRYPTSP.dll
0x00007ffb43dd0000 - 0x00007ffb43e04000 	C:\WINDOWS\system32\rsaenh.dll
0x00007ffb44f50000 - 0x00007ffb44f77000 	C:\WINDOWS\System32\bcrypt.dll
0x00007ffb44c00000 - 0x00007ffb44c2e000 	C:\WINDOWS\SYSTEM32\USERENV.dll
0x00007ffb446b0000 - 0x00007ffb446bc000 	C:\WINDOWS\SYSTEM32\CRYPTBASE.dll
0x00007ffb44160000 - 0x00007ffb4419b000 	C:\WINDOWS\SYSTEM32\IPHLPAPI.DLL
0x00007ffb46e50000 - 0x00007ffb46e58000 	C:\WINDOWS\System32\NSI.dll
0x00007ffb34b10000 - 0x00007ffb34b27000 	C:\WINDOWS\SYSTEM32\dhcpcsvc6.DLL
0x00007ffb34080000 - 0x00007ffb3409d000 	C:\WINDOWS\SYSTEM32\dhcpcsvc.DLL
0x00007ffb441b0000 - 0x00007ffb4427b000 	C:\WINDOWS\SYSTEM32\DNSAPI.dll
0x00007ffb43a00000 - 0x00007ffb43a33000 	C:\WINDOWS\SYSTEM32\ntmarta.dll

dbghelp: loaded successfully - version: 4.0.5 - missing functions: none
symbol engine: initialized successfully - sym options: 0x614 - pdb path: .;D:\AS\as\jre\bin;C:\WINDOWS\SYSTEM32;C:\WINDOWS\WinSxS\amd64_microsoft.windows.common-controls_6595b64144ccf1df_6.0.19041.1110_none_60b5254171f9507e;D:\AS\as\jre\bin\server;C:\Users\hn109\.gradle\native\8bec1ad78214c89d9ad589b4d07fe93259594b29d510b10fafb7a158f7737e5d\windows-amd64;C:\Users\hn109\.gradle\native\53dbd7edfb1c66fb8903c78663c9afc45aea4f116125fa6feffd364cf09443e8\windows-amd64

VM Arguments:
jvm_args: --add-opens=java.base/java.util=ALL-UNNAMED --add-opens=java.base/java.lang=ALL-UNNAMED --add-opens=java.base/java.lang.invoke=ALL-UNNAMED --add-opens=java.base/java.util=ALL-UNNAMED --add-opens=java.prefs/java.util.prefs=ALL-UNNAMED --add-opens=java.prefs/java.util.prefs=ALL-UNNAMED --add-opens=java.base/java.nio.charset=ALL-UNNAMED --add-opens=java.base/java.net=ALL-UNNAMED --add-opens=java.base/java.util.concurrent.atomic=ALL-UNNAMED -Xmx2048m -Dfile.encoding=UTF-8 -Duser.country=CN -Duser.language=zh -Duser.variant 
java_command: org.gradle.launcher.daemon.bootstrap.GradleDaemon 7.0.2
java_class_path (initial): C:\Users\hn109\.gradle\wrapper\dists\gradle-7.0.2-bin\857tjihv64xamwrf0h14cai3r\gradle-7.0.2\lib\gradle-launcher-7.0.2.jar
Launcher Type: SUN_STANDARD

[Global flags]
     intx CICompilerCount                          = 4                                         {product} {ergonomic}
     uint ConcGCThreads                            = 2                                         {product} {ergonomic}
     uint G1ConcRefinementThreads                  = 8                                         {product} {ergonomic}
   size_t G1HeapRegionSize                         = 1048576                                   {product} {ergonomic}
    uintx GCDrainStackTargetSize                   = 64                                        {product} {ergonomic}
   size_t InitialHeapSize                          = 268435456                                 {product} {ergonomic}
   size_t MarkStackSize                            = 4194304                                   {product} {ergonomic}
   size_t MaxHeapSize                              = 2147483648                                {product} {command line}
   size_t MaxNewSize                               = 1287651328                                {product} {ergonomic}
   size_t MinHeapDeltaBytes                        = 1048576                                   {product} {ergonomic}
    uintx NonNMethodCodeHeapSize                   = 5836300                                {pd product} {ergonomic}
    uintx NonProfiledCodeHeapSize                  = 122910970                              {pd product} {ergonomic}
    uintx ProfiledCodeHeapSize                     = 122910970                              {pd product} {ergonomic}
    uintx ReservedCodeCacheSize                    = 251658240                              {pd product} {ergonomic}
     bool SegmentedCodeCache                       = true                                      {product} {ergonomic}
     bool UseCompressedClassPointers               = true                                 {lp64_product} {ergonomic}
     bool UseCompressedOops                        = true                                 {lp64_product} {ergonomic}
     bool UseG1GC                                  = true                                      {product} {ergonomic}
     bool UseLargePagesIndividualAllocation        = false                                  {pd product} {ergonomic}

Logging:
Log output configuration:
 #0: stdout all=warning uptime,level,tags
 #1: stderr all=off uptime,level,tags

Environment Variables:
PATH=C:\Users\hn109\AppData\Local\Android\Sdk\platform-tools;C:\Windows;C:\Windows\System32\Wbem;C:\Windows\System32\WindowsPowerShell\v1.0\;C:\Windows\System32\OpenSSH\;C:\Program Files (x86)\NVIDIA Corporation\PhysX\Common;C:\Program Files\NVIDIA Corporation\NVIDIA NvDLISR;C:\WINDOWS\system32;C:\WINDOWS;C:\WINDOWS\System32\Wbem;C:\WINDOWS\System32\WindowsPowerShell\v1.0\;C:\WINDOWS\System32\OpenSSH\;D:\;C:\Users\hn109\AppData\Local\Android\Sdk\platform-tools;C:\Program Files\Bandizip\;%USERPROFILE%\AppData\Local\Microsoft\WindowsApps;%USERPROFILE%\.dotnet\tools;C:\Users\hn109\AppData\Roaming\npm;D:\QQGame\Hall.57768\
USERNAME=hn109
OS=Windows_NT
PROCESSOR_IDENTIFIER=Intel64 Family 6 Model 165 Stepping 2, GenuineIntel



---------------  S Y S T E M  ---------------

OS: Windows 10 , 64 bit Build 19041 (10.0.19041.1706)
OS uptime: 8 days 21:15 hours

CPU:total 8 (initial active 8) (4 cores per cpu, 2 threads per core) family 6 model 165 stepping 2 microcode 0xc8, cmov, cx8, fxsr, mmx, sse, sse2, sse3, ssse3, sse4.1, sse4.2, popcnt, avx, avx2, aes, clmul, erms, 3dnowpref, lzcnt, ht, tsc, tscinvbit, bmi1, bmi2, adx, fma

Memory: 4k page, system-wide physical 16292M (487M free)
TotalPageFile size 29004M (AvailPageFile size 179M)
current process WorkingSet (physical memory assigned to process): 572M, peak: 623M
current process commit charge ("private bytes"): 703M, peak: 1193M

vm_info: OpenJDK 64-Bit Server VM (11.0.10+0-b96-7249189) for windows-amd64 JRE (11.0.10+0-b96-7249189), built on Mar 31 2021 21:44:00 by "builder" with MS VC++ 14.0 (VS2015)

END.
